{"C:\\Users\\User\\Desktop\\Calendar App\\API NestJS Sky Calendar\\src\\app.controller.ts": {"path":"C:\\Users\\User\\Desktop\\Calendar App\\API NestJS Sky Calendar\\src\\app.controller.ts","statementMap":{"0":{"start":{"line":1,"column":0},"end":{"line":1,"column":49}},"1":{"start":{"line":2,"column":0},"end":{"line":2,"column":43}},"2":{"start":{"line":5,"column":0},"end":{"line":12,"column":null}},"3":{"start":{"line":6,"column":31},"end":{"line":6,"column":43}},"4":{"start":{"line":10,"column":4},"end":{"line":10,"column":37}},"5":{"start":{"line":9,"column":2},"end":{"line":11,"column":null}},"6":{"start":{"line":5,"column":13},"end":{"line":12,"column":null}},"7":{"start":{"line":5,"column":13},"end":{"line":5,"column":26}}},"fnMap":{"0":{"name":"(anonymous_2)","decl":{"start":{"line":6,"column":2},"end":{"line":6,"column":31}},"loc":{"start":{"line":6,"column":53},"end":{"line":6,"column":57}}},"1":{"name":"(anonymous_3)","decl":{"start":{"line":9,"column":2},"end":{"line":9,"column":9}},"loc":{"start":{"line":9,"column":9},"end":{"line":11,"column":3}}}},"branchMap":{},"s":{"0":7,"1":7,"2":7,"3":53,"4":1,"5":7,"6":7,"7":7},"f":{"0":53,"1":1},"b":{}}
,"C:\\Users\\User\\Desktop\\Calendar App\\API NestJS Sky Calendar\\src\\app.service.ts": {"path":"C:\\Users\\User\\Desktop\\Calendar App\\API NestJS Sky Calendar\\src\\app.service.ts","statementMap":{"0":{"start":{"line":1,"column":0},"end":{"line":1,"column":44}},"1":{"start":{"line":4,"column":0},"end":{"line":8,"column":null}},"2":{"start":{"line":6,"column":4},"end":{"line":6,"column":30}},"3":{"start":{"line":4,"column":13},"end":{"line":8,"column":null}},"4":{"start":{"line":4,"column":13},"end":{"line":4,"column":23}}},"fnMap":{"0":{"name":"(anonymous_1)","decl":{"start":{"line":5,"column":2},"end":{"line":5,"column":9}},"loc":{"start":{"line":5,"column":9},"end":{"line":7,"column":3}}}},"branchMap":{},"s":{"0":7,"1":7,"2":1,"3":7,"4":7},"f":{"0":1},"b":{}}
,"C:\\Users\\User\\Desktop\\Calendar App\\API NestJS Sky Calendar\\src\\auth\\auth.controller.ts": {"path":"C:\\Users\\User\\Desktop\\Calendar App\\API NestJS Sky Calendar\\src\\auth\\auth.controller.ts","statementMap":{"0":{"start":{"line":1,"column":0},"end":{"line":1,"column":null}},"1":{"start":{"line":10,"column":0},"end":{"line":10,"column":42}},"2":{"start":{"line":11,"column":0},"end":{"line":11,"column":45}},"3":{"start":{"line":12,"column":0},"end":{"line":12,"column":59}},"4":{"start":{"line":13,"column":0},"end":{"line":13,"column":76}},"5":{"start":{"line":14,"column":0},"end":{"line":14,"column":66}},"6":{"start":{"line":15,"column":0},"end":{"line":15,"column":55}},"7":{"start":{"line":16,"column":0},"end":{"line":16,"column":56}},"8":{"start":{"line":17,"column":0},"end":{"line":17,"column":44}},"9":{"start":{"line":18,"column":0},"end":{"line":18,"column":48}},"10":{"start":{"line":19,"column":0},"end":{"line":19,"column":63}},"11":{"start":{"line":20,"column":0},"end":{"line":20,"column":null}},"12":{"start":{"line":29,"column":27},"end":{"line":132,"column":null}},"13":{"start":{"line":30,"column":31},"end":{"line":30,"column":44}},"14":{"start":{"line":31,"column":19},"end":{"line":31,"column":60}},"15":{"start":{"line":38,"column":4},"end":{"line":38,"column":40}},"16":{"start":{"line":40,"column":4},"end":{"line":49,"column":null}},"17":{"start":{"line":44,"column":21},"end":{"line":44,"column":57}},"18":{"start":{"line":45,"column":8},"end":{"line":45,"column":62}},"19":{"start":{"line":46,"column":8},"end":{"line":46,"column":20}},"20":{"start":{"line":48,"column":8},"end":{"line":48,"column":72}},"21":{"start":{"line":55,"column":4},"end":{"line":55,"column":53}},"22":{"start":{"line":56,"column":31},"end":{"line":56,"column":81}},"23":{"start":{"line":57,"column":21},"end":{"line":57,"column":73}},"24":{"start":{"line":58,"column":4},"end":{"line":58,"column":48}},"25":{"start":{"line":59,"column":4},"end":{"line":59,"column":20}},"26":{"start":{"line":65,"column":4},"end":{"line":65,"column":54}},"27":{"start":{"line":66,"column":23},"end":{"line":66,"column":74}},"28":{"start":{"line":67,"column":4},"end":{"line":67,"column":80}},"29":{"start":{"line":72,"column":4},"end":{"line":72,"column":90}},"30":{"start":{"line":73,"column":31},"end":{"line":74,"column":null}},"31":{"start":{"line":76,"column":4},"end":{"line":76,"column":63}},"32":{"start":{"line":77,"column":24},"end":{"line":77,"column":78}},"33":{"start":{"line":78,"column":4},"end":{"line":78,"column":51}},"34":{"start":{"line":79,"column":4},"end":{"line":79,"column":58}},"35":{"start":{"line":80,"column":4},"end":{"line":80,"column":23}},"36":{"start":{"line":85,"column":4},"end":{"line":85,"column":40}},"37":{"start":{"line":86,"column":4},"end":{"line":86,"column":60}},"38":{"start":{"line":87,"column":19},"end":{"line":87,"column":32}},"39":{"start":{"line":88,"column":4},"end":{"line":88,"column":25}},"40":{"start":{"line":89,"column":31},"end":{"line":89,"column":98}},"41":{"start":{"line":90,"column":26},"end":{"line":93,"column":null}},"42":{"start":{"line":95,"column":4},"end":{"line":95,"column":52}},"43":{"start":{"line":96,"column":4},"end":{"line":100,"column":null}},"44":{"start":{"line":97,"column":6},"end":{"line":99,"column":9}},"45":{"start":{"line":101,"column":4},"end":{"line":101,"column":25}},"46":{"start":{"line":107,"column":4},"end":{"line":107,"column":67}},"47":{"start":{"line":108,"column":25},"end":{"line":108,"column":37}},"48":{"start":{"line":109,"column":4},"end":{"line":109,"column":52}},"49":{"start":{"line":115,"column":4},"end":{"line":115,"column":69}},"50":{"start":{"line":117,"column":41},"end":{"line":117,"column":58}},"51":{"start":{"line":119,"column":4},"end":{"line":124,"column":null}},"52":{"start":{"line":120,"column":6},"end":{"line":120,"column":90}},"53":{"start":{"line":121,"column":6},"end":{"line":123,"column":9}},"54":{"start":{"line":125,"column":4},"end":{"line":125,"column":32}},"55":{"start":{"line":127,"column":4},"end":{"line":127,"column":28}},"56":{"start":{"line":129,"column":4},"end":{"line":129,"column":51}},"57":{"start":{"line":130,"column":4},"end":{"line":130,"column":62}},"58":{"start":{"line":37,"column":2},"end":{"line":50,"column":null}},"59":{"start":{"line":54,"column":2},"end":{"line":60,"column":null}},"60":{"start":{"line":64,"column":2},"end":{"line":68,"column":null}},"61":{"start":{"line":71,"column":2},"end":{"line":81,"column":null}},"62":{"start":{"line":84,"column":2},"end":{"line":102,"column":null}},"63":{"start":{"line":106,"column":2},"end":{"line":110,"column":null}},"64":{"start":{"line":114,"column":2},"end":{"line":131,"column":null}},"65":{"start":{"line":29,"column":13},"end":{"line":132,"column":null}},"66":{"start":{"line":29,"column":13},"end":{"line":29,"column":27}}},"fnMap":{"0":{"name":"(anonymous_4)","decl":{"start":{"line":30,"column":2},"end":{"line":30,"column":31}},"loc":{"start":{"line":30,"column":55},"end":{"line":30,"column":59}}},"1":{"name":"(anonymous_5)","decl":{"start":{"line":37,"column":2},"end":{"line":37,"column":7}},"loc":{"start":{"line":37,"column":67},"end":{"line":50,"column":3}}},"2":{"name":"(anonymous_6)","decl":{"start":{"line":54,"column":2},"end":{"line":54,"column":7}},"loc":{"start":{"line":54,"column":53},"end":{"line":60,"column":3}}},"3":{"name":"(anonymous_7)","decl":{"start":{"line":64,"column":2},"end":{"line":64,"column":7}},"loc":{"start":{"line":64,"column":67},"end":{"line":68,"column":3}}},"4":{"name":"(anonymous_8)","decl":{"start":{"line":71,"column":2},"end":{"line":71,"column":7}},"loc":{"start":{"line":71,"column":50},"end":{"line":81,"column":3}}},"5":{"name":"(anonymous_9)","decl":{"start":{"line":84,"column":2},"end":{"line":84,"column":7}},"loc":{"start":{"line":84,"column":43},"end":{"line":102,"column":3}}},"6":{"name":"(anonymous_10)","decl":{"start":{"line":106,"column":2},"end":{"line":106,"column":7}},"loc":{"start":{"line":106,"column":56},"end":{"line":110,"column":3}}},"7":{"name":"(anonymous_11)","decl":{"start":{"line":114,"column":2},"end":{"line":114,"column":7}},"loc":{"start":{"line":114,"column":93},"end":{"line":131,"column":3}}}},"branchMap":{"0":{"loc":{"start":{"line":40,"column":4},"end":{"line":49,"column":null}},"type":"switch","locations":[{"start":{"line":41,"column":6},"end":{"line":41,"column":40}},{"start":{"line":42,"column":6},"end":{"line":42,"column":44}},{"start":{"line":43,"column":6},"end":{"line":46,"column":20}},{"start":{"line":47,"column":6},"end":{"line":48,"column":72}}]},"1":{"loc":{"start":{"line":96,"column":4},"end":{"line":100,"column":null}},"type":"if","locations":[{"start":{"line":96,"column":4},"end":{"line":100,"column":null}}]},"2":{"loc":{"start":{"line":119,"column":4},"end":{"line":124,"column":null}},"type":"if","locations":[{"start":{"line":119,"column":4},"end":{"line":124,"column":null}}]}},"s":{"0":7,"1":7,"2":7,"3":7,"4":7,"5":7,"6":7,"7":7,"8":7,"9":7,"10":7,"11":7,"12":7,"13":53,"14":53,"15":5,"16":5,"17":4,"18":4,"19":4,"20":1,"21":1,"22":1,"23":1,"24":1,"25":1,"26":1,"27":1,"28":1,"29":1,"30":1,"31":1,"32":1,"33":1,"34":1,"35":1,"36":1,"37":1,"38":1,"39":1,"40":1,"41":1,"42":1,"43":1,"44":1,"45":1,"46":3,"47":3,"48":3,"49":6,"50":6,"51":6,"52":1,"53":1,"54":5,"55":5,"56":5,"57":5,"58":7,"59":7,"60":7,"61":7,"62":7,"63":7,"64":7,"65":7,"66":7},"f":{"0":53,"1":5,"2":1,"3":1,"4":1,"5":1,"6":3,"7":6},"b":{"0":[1,3,4,1],"1":[1],"2":[1]}}
,"C:\\Users\\User\\Desktop\\Calendar App\\API NestJS Sky Calendar\\src\\auth\\auth.service.ts": {"path":"C:\\Users\\User\\Desktop\\Calendar App\\API NestJS Sky Calendar\\src\\auth\\auth.service.ts","statementMap":{"0":{"start":{"line":1,"column":0},"end":{"line":1,"column":82}},"1":{"start":{"line":2,"column":0},"end":{"line":2,"column":56}},"2":{"start":{"line":3,"column":0},"end":{"line":3,"column":51}},"3":{"start":{"line":4,"column":0},"end":{"line":4,"column":35}},"4":{"start":{"line":5,"column":0},"end":{"line":5,"column":52}},"5":{"start":{"line":6,"column":0},"end":{"line":6,"column":41}},"6":{"start":{"line":7,"column":0},"end":{"line":7,"column":47}},"7":{"start":{"line":8,"column":0},"end":{"line":8,"column":45}},"8":{"start":{"line":9,"column":0},"end":{"line":9,"column":51}},"9":{"start":{"line":10,"column":0},"end":{"line":10,"column":37}},"10":{"start":{"line":11,"column":0},"end":{"line":11,"column":65}},"11":{"start":{"line":14,"column":24},"end":{"line":227,"column":null}},"12":{"start":{"line":17,"column":21},"end":{"line":17,"column":33}},"13":{"start":{"line":19,"column":21},"end":{"line":19,"column":46}},"14":{"start":{"line":20,"column":21},"end":{"line":20,"column":34}},"15":{"start":{"line":15,"column":19},"end":{"line":15,"column":57}},"16":{"start":{"line":31,"column":4},"end":{"line":31,"column":41}},"17":{"start":{"line":32,"column":17},"end":{"line":32,"column":58}},"18":{"start":{"line":33,"column":4},"end":{"line":36,"column":null}},"19":{"start":{"line":34,"column":6},"end":{"line":34,"column":58}},"20":{"start":{"line":35,"column":6},"end":{"line":35,"column":18}},"21":{"start":{"line":38,"column":4},"end":{"line":44,"column":null}},"22":{"start":{"line":39,"column":6},"end":{"line":39,"column":26}},"23":{"start":{"line":40,"column":6},"end":{"line":40,"column":41}},"24":{"start":{"line":41,"column":6},"end":{"line":41,"column":32}},"25":{"start":{"line":42,"column":6},"end":{"line":42,"column":57}},"26":{"start":{"line":43,"column":6},"end":{"line":43,"column":23}},"27":{"start":{"line":45,"column":4},"end":{"line":45,"column":16}},"28":{"start":{"line":56,"column":21},"end":{"line":56,"column":70}},"29":{"start":{"line":57,"column":4},"end":{"line":60,"column":null}},"30":{"start":{"line":58,"column":6},"end":{"line":58,"column":92}},"31":{"start":{"line":59,"column":6},"end":{"line":59,"column":52}},"32":{"start":{"line":61,"column":4},"end":{"line":61,"column":81}},"33":{"start":{"line":63,"column":4},"end":{"line":65,"column":7}},"34":{"start":{"line":69,"column":22},"end":{"line":77,"column":14}},"35":{"start":{"line":78,"column":4},"end":{"line":107,"column":null}},"36":{"start":{"line":80,"column":23},"end":{"line":80,"column":72}},"37":{"start":{"line":81,"column":6},"end":{"line":101,"column":null}},"38":{"start":{"line":84,"column":8},"end":{"line":93,"column":11}},"39":{"start":{"line":94,"column":8},"end":{"line":94,"column":78}},"40":{"start":{"line":95,"column":8},"end":{"line":95,"column":88}},"41":{"start":{"line":97,"column":8},"end":{"line":97,"column":63}},"42":{"start":{"line":98,"column":8},"end":{"line":100,"column":11}},"43":{"start":{"line":103,"column":6},"end":{"line":103,"column":72}},"44":{"start":{"line":104,"column":6},"end":{"line":106,"column":9}},"45":{"start":{"line":116,"column":4},"end":{"line":120,"column":7}},"46":{"start":{"line":130,"column":4},"end":{"line":142,"column":19}},"47":{"start":{"line":163,"column":4},"end":{"line":174,"column":20}},"48":{"start":{"line":185,"column":4},"end":{"line":185,"column":61}},"49":{"start":{"line":186,"column":4},"end":{"line":186,"column":54}},"50":{"start":{"line":187,"column":17},"end":{"line":193,"column":6}},"51":{"start":{"line":194,"column":4},"end":{"line":194,"column":51}},"52":{"start":{"line":204,"column":20},"end":{"line":209,"column":6}},"53":{"start":{"line":210,"column":4},"end":{"line":212,"column":null}},"54":{"start":{"line":223,"column":17},"end":{"line":223,"column":58}},"55":{"start":{"line":224,"column":4},"end":{"line":224,"column":30}},"56":{"start":{"line":225,"column":4},"end":{"line":225,"column":41}},"57":{"start":{"line":14,"column":13},"end":{"line":227,"column":null}},"58":{"start":{"line":14,"column":13},"end":{"line":14,"column":24}}},"fnMap":{"0":{"name":"(anonymous_4)","decl":{"start":{"line":16,"column":2},"end":{"line":16,"column":null}},"loc":{"start":{"line":20,"column":45},"end":{"line":21,"column":6}}},"1":{"name":"(anonymous_5)","decl":{"start":{"line":30,"column":2},"end":{"line":30,"column":7}},"loc":{"start":{"line":30,"column":48},"end":{"line":46,"column":3}}},"2":{"name":"(anonymous_6)","decl":{"start":{"line":55,"column":2},"end":{"line":55,"column":7}},"loc":{"start":{"line":55,"column":54},"end":{"line":66,"column":3}}},"3":{"name":"(anonymous_7)","decl":{"start":{"line":68,"column":2},"end":{"line":68,"column":7}},"loc":{"start":{"line":68,"column":38},"end":{"line":108,"column":3}}},"4":{"name":"(anonymous_8)","decl":{"start":{"line":115,"column":2},"end":{"line":115,"column":7}},"loc":{"start":{"line":115,"column":40},"end":{"line":121,"column":3}}},"5":{"name":"(anonymous_9)","decl":{"start":{"line":129,"column":2},"end":{"line":129,"column":7}},"loc":{"start":{"line":129,"column":62},"end":{"line":143,"column":3}}},"6":{"name":"(anonymous_10)","decl":{"start":{"line":162,"column":2},"end":{"line":162,"column":7}},"loc":{"start":{"line":162,"column":56},"end":{"line":175,"column":3}}},"7":{"name":"(anonymous_11)","decl":{"start":{"line":184,"column":2},"end":{"line":184,"column":7}},"loc":{"start":{"line":184,"column":64},"end":{"line":195,"column":3}}},"8":{"name":"(anonymous_12)","decl":{"start":{"line":203,"column":2},"end":{"line":203,"column":15}},"loc":{"start":{"line":203,"column":26},"end":{"line":214,"column":3}}},"9":{"name":"(anonymous_13)","decl":{"start":{"line":222,"column":2},"end":{"line":222,"column":7}},"loc":{"start":{"line":222,"column":47},"end":{"line":226,"column":3}}}},"branchMap":{"0":{"loc":{"start":{"line":33,"column":4},"end":{"line":36,"column":null}},"type":"if","locations":[{"start":{"line":33,"column":4},"end":{"line":36,"column":null}}]},"1":{"loc":{"start":{"line":38,"column":4},"end":{"line":44,"column":null}},"type":"if","locations":[{"start":{"line":38,"column":4},"end":{"line":44,"column":null}}]},"2":{"loc":{"start":{"line":38,"column":8},"end":{"line":38,"column":57}},"type":"binary-expr","locations":[{"start":{"line":38,"column":8},"end":{"line":38,"column":12}},{"start":{"line":38,"column":17},"end":{"line":38,"column":56}}]},"3":{"loc":{"start":{"line":57,"column":4},"end":{"line":60,"column":null}},"type":"if","locations":[{"start":{"line":57,"column":4},"end":{"line":60,"column":null}}]},"4":{"loc":{"start":{"line":57,"column":8},"end":{"line":57,"column":68}},"type":"binary-expr","locations":[{"start":{"line":57,"column":8},"end":{"line":57,"column":12}},{"start":{"line":57,"column":17},"end":{"line":57,"column":67}}]},"5":{"loc":{"start":{"line":81,"column":6},"end":{"line":101,"column":null}},"type":"if","locations":[{"start":{"line":81,"column":6},"end":{"line":101,"column":null}},{"start":{"line":96,"column":13},"end":{"line":101,"column":null}}]}},"s":{"0":7,"1":7,"2":7,"3":7,"4":7,"5":7,"6":7,"7":7,"8":7,"9":7,"10":7,"11":7,"12":53,"13":53,"14":53,"15":53,"16":7,"17":7,"18":7,"19":1,"20":1,"21":6,"22":5,"23":5,"24":5,"25":5,"26":5,"27":1,"28":5,"29":5,"30":4,"31":4,"32":1,"33":1,"34":3,"35":3,"36":3,"37":2,"38":1,"39":1,"40":1,"41":1,"42":1,"43":2,"44":2,"45":1,"46":1,"47":1,"48":1,"49":1,"50":1,"51":1,"52":5,"53":5,"54":1,"55":1,"56":1,"57":7,"58":7},"f":{"0":53,"1":7,"2":5,"3":3,"4":1,"5":1,"6":1,"7":1,"8":5,"9":1},"b":{"0":[1],"1":[5],"2":[6,6],"3":[4],"4":[5,5],"5":[1,1]}}
,"C:\\Users\\User\\Desktop\\Calendar App\\API NestJS Sky Calendar\\src\\auth\\guards\\jwt-auth.guard.ts": {"path":"C:\\Users\\User\\Desktop\\Calendar App\\API NestJS Sky Calendar\\src\\auth\\guards\\jwt-auth.guard.ts","statementMap":{"0":{"start":{"line":1,"column":0},"end":{"line":1,"column":67}},"1":{"start":{"line":2,"column":0},"end":{"line":2,"column":45}},"2":{"start":{"line":5,"column":0},"end":{"line":12,"column":null}},"3":{"start":{"line":7,"column":4},"end":{"line":9,"column":null}},"4":{"start":{"line":8,"column":6},"end":{"line":8,"column":77}},"5":{"start":{"line":10,"column":4},"end":{"line":10,"column":16}},"6":{"start":{"line":5,"column":13},"end":{"line":12,"column":null}},"7":{"start":{"line":5,"column":13},"end":{"line":5,"column":25}}},"fnMap":{"0":{"name":"(anonymous_1)","decl":{"start":{"line":6,"column":2},"end":{"line":6,"column":15}},"loc":{"start":{"line":6,"column":32},"end":{"line":11,"column":3}}}},"branchMap":{"0":{"loc":{"start":{"line":7,"column":4},"end":{"line":9,"column":null}},"type":"if","locations":[{"start":{"line":7,"column":4},"end":{"line":9,"column":null}}]},"1":{"loc":{"start":{"line":7,"column":8},"end":{"line":7,"column":20}},"type":"binary-expr","locations":[{"start":{"line":7,"column":8},"end":{"line":7,"column":11}},{"start":{"line":7,"column":15},"end":{"line":7,"column":20}}]},"2":{"loc":{"start":{"line":8,"column":12},"end":{"line":8,"column":76}},"type":"binary-expr","locations":[{"start":{"line":8,"column":12},"end":{"line":8,"column":15}},{"start":{"line":8,"column":19},"end":{"line":8,"column":76}}]}},"s":{"0":7,"1":7,"2":7,"3":52,"4":2,"5":50,"6":7,"7":7},"f":{"0":52},"b":{"0":[2],"1":[52,50],"2":[2,0]}}
,"C:\\Users\\User\\Desktop\\Calendar App\\API NestJS Sky Calendar\\src\\auth\\guards\\local-auth.guard.ts": {"path":"C:\\Users\\User\\Desktop\\Calendar App\\API NestJS Sky Calendar\\src\\auth\\guards\\local-auth.guard.ts","statementMap":{"0":{"start":{"line":1,"column":0},"end":{"line":1,"column":45}},"1":{"start":{"line":2,"column":0},"end":{"line":2,"column":44}},"2":{"start":{"line":5,"column":0},"end":{"line":9,"column":null}},"3":{"start":{"line":7,"column":4},"end":{"line":7,"column":12}},"4":{"start":{"line":5,"column":13},"end":{"line":9,"column":null}},"5":{"start":{"line":5,"column":13},"end":{"line":5,"column":27}}},"fnMap":{"0":{"name":"(anonymous_2)","decl":{"start":{"line":6,"column":2},"end":{"line":6,"column":null}},"loc":{"start":{"line":6,"column":2},"end":{"line":8,"column":3}}}},"branchMap":{},"s":{"0":7,"1":7,"2":7,"3":53,"4":7,"5":7},"f":{"0":53},"b":{}}
,"C:\\Users\\User\\Desktop\\Calendar App\\API NestJS Sky Calendar\\src\\auth\\guards\\user-role.guard.ts": {"path":"C:\\Users\\User\\Desktop\\Calendar App\\API NestJS Sky Calendar\\src\\auth\\guards\\user-role.guard.ts","statementMap":{"0":{"start":{"line":1,"column":0},"end":{"line":1,"column":41}},"1":{"start":{"line":2,"column":0},"end":{"line":2,"column":null}},"2":{"start":{"line":11,"column":13},"end":{"line":11,"column":33}},"3":{"start":{"line":14,"column":0},"end":{"line":37,"column":null}},"4":{"start":{"line":15,"column":31},"end":{"line":15,"column":42}},"5":{"start":{"line":18,"column":31},"end":{"line":18,"column":83}},"6":{"start":{"line":19,"column":4},"end":{"line":19,"column":null}},"7":{"start":{"line":20,"column":4},"end":{"line":20,"column":33}},"8":{"start":{"line":20,"column":21},"end":{"line":20,"column":33}},"9":{"start":{"line":22,"column":16},"end":{"line":22,"column":51}},"10":{"start":{"line":23,"column":4},"end":{"line":23,"column":null}},"11":{"start":{"line":24,"column":17},"end":{"line":24,"column":33}},"12":{"start":{"line":26,"column":4},"end":{"line":26,"column":31}},"13":{"start":{"line":27,"column":4},"end":{"line":27,"column":63}},"14":{"start":{"line":27,"column":15},"end":{"line":27,"column":63}},"15":{"start":{"line":29,"column":4},"end":{"line":29,"column":43}},"16":{"start":{"line":30,"column":4},"end":{"line":30,"column":45}},"17":{"start":{"line":31,"column":4},"end":{"line":33,"column":null}},"18":{"start":{"line":32,"column":6},"end":{"line":32,"column":18}},"19":{"start":{"line":35,"column":4},"end":{"line":35,"column":93}},"20":{"start":{"line":14,"column":13},"end":{"line":37,"column":null}},"21":{"start":{"line":14,"column":13},"end":{"line":14,"column":26}}},"fnMap":{"0":{"name":"(anonymous_2)","decl":{"start":{"line":15,"column":2},"end":{"line":15,"column":31}},"loc":{"start":{"line":15,"column":51},"end":{"line":15,"column":55}}},"1":{"name":"(anonymous_3)","decl":{"start":{"line":17,"column":2},"end":{"line":17,"column":13}},"loc":{"start":{"line":17,"column":39},"end":{"line":36,"column":3}}}},"branchMap":{"0":{"loc":{"start":{"line":20,"column":4},"end":{"line":20,"column":33}},"type":"if","locations":[{"start":{"line":20,"column":4},"end":{"line":20,"column":33}}]},"1":{"loc":{"start":{"line":27,"column":4},"end":{"line":27,"column":63}},"type":"if","locations":[{"start":{"line":27,"column":4},"end":{"line":27,"column":63}}]},"2":{"loc":{"start":{"line":31,"column":4},"end":{"line":33,"column":null}},"type":"if","locations":[{"start":{"line":31,"column":4},"end":{"line":33,"column":null}}]}},"s":{"0":7,"1":7,"2":7,"3":7,"4":53,"5":1,"6":1,"7":1,"8":0,"9":1,"10":1,"11":1,"12":1,"13":1,"14":0,"15":1,"16":1,"17":1,"18":1,"19":0,"20":7,"21":7},"f":{"0":53,"1":1},"b":{"0":[0],"1":[0],"2":[1]}}
,"C:\\Users\\User\\Desktop\\Calendar App\\API NestJS Sky Calendar\\src\\auth\\strategies\\jwt.stragegy.ts": {"path":"C:\\Users\\User\\Desktop\\Calendar App\\API NestJS Sky Calendar\\src\\auth\\strategies\\jwt.stragegy.ts","statementMap":{"0":{"start":{"line":1,"column":0},"end":{"line":1,"column":52}},"1":{"start":{"line":2,"column":0},"end":{"line":2,"column":52}},"2":{"start":{"line":3,"column":0},"end":{"line":3,"column":75}},"3":{"start":{"line":4,"column":0},"end":{"line":4,"column":47}},"4":{"start":{"line":5,"column":0},"end":{"line":5,"column":70}},"5":{"start":{"line":6,"column":0},"end":{"line":6,"column":54}},"6":{"start":{"line":9,"column":24},"end":{"line":33,"column":null}},"7":{"start":{"line":12,"column":4},"end":{"line":16,"column":7}},"8":{"start":{"line":11,"column":22},"end":{"line":11,"column":35}},"9":{"start":{"line":11,"column":56},"end":{"line":11,"column":64}},"10":{"start":{"line":10,"column":19},"end":{"line":10,"column":57}},"11":{"start":{"line":20,"column":17},"end":{"line":20,"column":67}},"12":{"start":{"line":21,"column":4},"end":{"line":31,"column":null}},"13":{"start":{"line":25,"column":8},"end":{"line":25,"column":20}},"14":{"start":{"line":27,"column":8},"end":{"line":27,"column":82}},"15":{"start":{"line":28,"column":8},"end":{"line":30,"column":11}},"16":{"start":{"line":9,"column":13},"end":{"line":33,"column":null}},"17":{"start":{"line":9,"column":13},"end":{"line":9,"column":24}}},"fnMap":{"0":{"name":"(anonymous_2)","decl":{"start":{"line":11,"column":2},"end":{"line":11,"column":22}},"loc":{"start":{"line":11,"column":77},"end":{"line":17,"column":3}}},"1":{"name":"(anonymous_3)","decl":{"start":{"line":19,"column":2},"end":{"line":19,"column":7}},"loc":{"start":{"line":19,"column":29},"end":{"line":32,"column":3}}}},"branchMap":{"0":{"loc":{"start":{"line":21,"column":4},"end":{"line":31,"column":null}},"type":"switch","locations":[{"start":{"line":22,"column":6},"end":{"line":22,"column":44}},{"start":{"line":23,"column":6},"end":{"line":23,"column":43}},{"start":{"line":24,"column":6},"end":{"line":25,"column":20}},{"start":{"line":26,"column":6},"end":{"line":30,"column":11}}]}},"s":{"0":7,"1":7,"2":7,"3":7,"4":7,"5":7,"6":7,"7":53,"8":53,"9":53,"10":53,"11":52,"12":51,"13":50,"14":1,"15":1,"16":7,"17":7},"f":{"0":53,"1":52},"b":{"0":[50,50,50,1]}}
,"C:\\Users\\User\\Desktop\\Calendar App\\API NestJS Sky Calendar\\src\\auth\\strategies\\local.strategy.ts": {"path":"C:\\Users\\User\\Desktop\\Calendar App\\API NestJS Sky Calendar\\src\\auth\\strategies\\local.strategy.ts","statementMap":{"0":{"start":{"line":1,"column":0},"end":{"line":1,"column":51}},"1":{"start":{"line":2,"column":0},"end":{"line":2,"column":52}},"2":{"start":{"line":3,"column":0},"end":{"line":3,"column":42}},"3":{"start":{"line":4,"column":0},"end":{"line":4,"column":46}},"4":{"start":{"line":7,"column":26},"end":{"line":18,"column":null}},"5":{"start":{"line":11,"column":4},"end":{"line":11,"column":12}},"6":{"start":{"line":10,"column":31},"end":{"line":10,"column":44}},"7":{"start":{"line":8,"column":19},"end":{"line":8,"column":59}},"8":{"start":{"line":15,"column":6},"end":{"line":15,"column":42}},"9":{"start":{"line":16,"column":5},"end":{"line":16,"column":59}},"10":{"start":{"line":7,"column":13},"end":{"line":18,"column":null}},"11":{"start":{"line":7,"column":13},"end":{"line":7,"column":26}}},"fnMap":{"0":{"name":"(anonymous_2)","decl":{"start":{"line":10,"column":2},"end":{"line":10,"column":31}},"loc":{"start":{"line":10,"column":55},"end":{"line":12,"column":3}}},"1":{"name":"(anonymous_3)","decl":{"start":{"line":14,"column":2},"end":{"line":14,"column":7}},"loc":{"start":{"line":14,"column":48},"end":{"line":17,"column":3}}}},"branchMap":{},"s":{"0":7,"1":7,"2":7,"3":7,"4":7,"5":53,"6":53,"7":53,"8":7,"9":7,"10":7,"11":7},"f":{"0":53,"1":7},"b":{}}
,"C:\\Users\\User\\Desktop\\Calendar App\\API NestJS Sky Calendar\\src\\common\\constants\\Constant.ts": {"path":"C:\\Users\\User\\Desktop\\Calendar App\\API NestJS Sky Calendar\\src\\common\\constants\\Constant.ts","statementMap":{"0":{"start":{"line":3,"column":13},"end":{"line":3,"column":37}},"1":{"start":{"line":4,"column":13},"end":{"line":4,"column":45}},"2":{"start":{"line":5,"column":13},"end":{"line":5,"column":45}},"3":{"start":{"line":6,"column":13},"end":{"line":6,"column":53}},"4":{"start":{"line":7,"column":13},"end":{"line":7,"column":53}},"5":{"start":{"line":8,"column":13},"end":{"line":8,"column":45}},"6":{"start":{"line":128,"column":17},"end":{"line":128,"column":31}},"7":{"start":{"line":129,"column":4},"end":{"line":131,"column":null}},"8":{"start":{"line":129,"column":17},"end":{"line":129,"column":18}},"9":{"start":{"line":130,"column":6},"end":{"line":130,"column":77}},"10":{"start":{"line":132,"column":4},"end":{"line":132,"column":18}},"11":{"start":{"line":11,"column":0},"end":{"line":11,"column":13}},"12":{"start":{"line":12,"column":25},"end":{"line":12,"column":43}},"13":{"start":{"line":14,"column":25},"end":{"line":19,"column":4}},"14":{"start":{"line":21,"column":25},"end":{"line":21,"column":85}},"15":{"start":{"line":22,"column":25},"end":{"line":22,"column":94}},"16":{"start":{"line":23,"column":25},"end":{"line":23,"column":95}},"17":{"start":{"line":24,"column":25},"end":{"line":24,"column":86}},"18":{"start":{"line":26,"column":25},"end":{"line":57,"column":4}},"19":{"start":{"line":59,"column":25},"end":{"line":68,"column":4}},"20":{"start":{"line":70,"column":16},"end":{"line":87,"column":4}},"21":{"start":{"line":89,"column":16},"end":{"line":106,"column":4}},"22":{"start":{"line":108,"column":16},"end":{"line":125,"column":4}}},"fnMap":{"0":{"name":"(anonymous_0)","decl":{"start":{"line":127,"column":9},"end":{"line":127,"column":15}},"loc":{"start":{"line":127,"column":97},"end":{"line":133,"column":3}}}},"branchMap":{},"s":{"0":7,"1":7,"2":7,"3":7,"4":7,"5":7,"6":3,"7":3,"8":3,"9":6,"10":3,"11":7,"12":7,"13":7,"14":7,"15":7,"16":7,"17":7,"18":7,"19":7,"20":7,"21":7,"22":7},"f":{"0":3},"b":{}}
,"C:\\Users\\User\\Desktop\\Calendar App\\API NestJS Sky Calendar\\src\\common\\decorators\\auth.decorator.ts": {"path":"C:\\Users\\User\\Desktop\\Calendar App\\API NestJS Sky Calendar\\src\\common\\decorators\\auth.decorator.ts","statementMap":{"0":{"start":{"line":1,"column":0},"end":{"line":1,"column":60}},"1":{"start":{"line":2,"column":0},"end":{"line":2,"column":64}},"2":{"start":{"line":3,"column":0},"end":{"line":3,"column":66}},"3":{"start":{"line":4,"column":0},"end":{"line":4,"column":59}},"4":{"start":{"line":9,"column":2},"end":{"line":14,"column":4}},"5":{"start":{"line":7,"column":0},"end":{"line":7,"column":16}}},"fnMap":{"0":{"name":"Auth","decl":{"start":{"line":7,"column":16},"end":{"line":7,"column":20}},"loc":{"start":{"line":7,"column":33},"end":{"line":16,"column":1}}}},"branchMap":{},"s":{"0":7,"1":7,"2":7,"3":7,"4":7,"5":7},"f":{"0":7},"b":{}}
,"C:\\Users\\User\\Desktop\\Calendar App\\API NestJS Sky Calendar\\src\\common\\decorators\\role-protected.decorator.ts": {"path":"C:\\Users\\User\\Desktop\\Calendar App\\API NestJS Sky Calendar\\src\\common\\decorators\\role-protected.decorator.ts","statementMap":{"0":{"start":{"line":1,"column":0},"end":{"line":1,"column":45}},"1":{"start":{"line":3,"column":13},"end":{"line":3,"column":33}},"2":{"start":{"line":6,"column":29},"end":{"line":10,"column":1}},"3":{"start":{"line":9,"column":4},"end":{"line":9,"column":43}},"4":{"start":{"line":6,"column":13},"end":{"line":6,"column":29}}},"fnMap":{"0":{"name":"(anonymous_0)","decl":{"start":{"line":6,"column":29},"end":{"line":6,"column":30}},"loc":{"start":{"line":6,"column":47},"end":{"line":10,"column":1}}}},"branchMap":{},"s":{"0":7,"1":7,"2":7,"3":7,"4":7},"f":{"0":7},"b":{}}
,"C:\\Users\\User\\Desktop\\Calendar App\\API NestJS Sky Calendar\\src\\common\\decorators\\user.decorator.ts": {"path":"C:\\Users\\User\\Desktop\\Calendar App\\API NestJS Sky Calendar\\src\\common\\decorators\\user.decorator.ts","statementMap":{"0":{"start":{"line":1,"column":0},"end":{"line":1,"column":72}},"1":{"start":{"line":3,"column":20},"end":{"line":10,"column":1}},"2":{"start":{"line":5,"column":18},"end":{"line":5,"column":49}},"3":{"start":{"line":7,"column":15},"end":{"line":7,"column":27}},"4":{"start":{"line":9,"column":2},"end":{"line":9,"column":42}},"5":{"start":{"line":3,"column":13},"end":{"line":3,"column":20}},"6":{"start":{"line":12,"column":13},"end":{"line":12,"column":null}}},"fnMap":{"0":{"name":"(anonymous_0)","decl":{"start":{"line":3,"column":20},"end":{"line":3,"column":21}},"loc":{"start":{"line":3,"column":60},"end":{"line":10,"column":1}}}},"branchMap":{"0":{"loc":{"start":{"line":9,"column":9},"end":{"line":9,"column":41}},"type":"cond-expr","locations":[{"start":{"line":9,"column":16},"end":{"line":9,"column":34}},{"start":{"line":9,"column":37},"end":{"line":9,"column":41}}]},"1":{"loc":{"start":{"line":9,"column":16},"end":{"line":9,"column":34}},"type":"binary-expr","locations":[{"start":{"line":9,"column":16},"end":{"line":9,"column":20}},{"start":{"line":9,"column":24},"end":{"line":9,"column":34}}]}},"s":{"0":7,"1":7,"2":20,"3":20,"4":20,"5":7,"6":7},"f":{"0":20},"b":{"0":[0,20],"1":[0,0]}}
,"C:\\Users\\User\\Desktop\\Calendar App\\API NestJS Sky Calendar\\src\\notificacion\\notificacion.controller.ts": {"path":"C:\\Users\\User\\Desktop\\Calendar App\\API NestJS Sky Calendar\\src\\notificacion\\notificacion.controller.ts","statementMap":{"0":{"start":{"line":1,"column":0},"end":{"line":1,"column":75}},"1":{"start":{"line":2,"column":0},"end":{"line":2,"column":61}},"2":{"start":{"line":3,"column":0},"end":{"line":3,"column":70}},"3":{"start":{"line":4,"column":0},"end":{"line":4,"column":42}},"4":{"start":{"line":5,"column":0},"end":{"line":5,"column":61}},"5":{"start":{"line":6,"column":0},"end":{"line":6,"column":76}},"6":{"start":{"line":7,"column":0},"end":{"line":7,"column":66}},"7":{"start":{"line":8,"column":0},"end":{"line":8,"column":66}},"8":{"start":{"line":12,"column":35},"end":{"line":33,"column":null}},"9":{"start":{"line":13,"column":31},"end":{"line":13,"column":52}},"10":{"start":{"line":14,"column":19},"end":{"line":14,"column":68}},"11":{"start":{"line":22,"column":4},"end":{"line":22,"column":80}},"12":{"start":{"line":23,"column":4},"end":{"line":23,"column":89}},"13":{"start":{"line":29,"column":4},"end":{"line":29,"column":85}},"14":{"start":{"line":31,"column":4},"end":{"line":31,"column":87}},"15":{"start":{"line":18,"column":2},"end":{"line":24,"column":null}},"16":{"start":{"line":28,"column":2},"end":{"line":32,"column":null}},"17":{"start":{"line":12,"column":13},"end":{"line":33,"column":null}},"18":{"start":{"line":12,"column":13},"end":{"line":12,"column":35}}},"fnMap":{"0":{"name":"(anonymous_4)","decl":{"start":{"line":13,"column":2},"end":{"line":13,"column":31}},"loc":{"start":{"line":13,"column":71},"end":{"line":13,"column":75}}},"1":{"name":"(anonymous_5)","decl":{"start":{"line":18,"column":2},"end":{"line":18,"column":7}},"loc":{"start":{"line":20,"column":56},"end":{"line":24,"column":3}}},"2":{"name":"(anonymous_6)","decl":{"start":{"line":28,"column":2},"end":{"line":28,"column":7}},"loc":{"start":{"line":28,"column":80},"end":{"line":32,"column":3}}}},"branchMap":{},"s":{"0":7,"1":7,"2":7,"3":7,"4":7,"5":7,"6":7,"7":7,"8":7,"9":53,"10":53,"11":2,"12":2,"13":2,"14":2,"15":7,"16":7,"17":7,"18":7},"f":{"0":53,"1":2,"2":2},"b":{}}
,"C:\\Users\\User\\Desktop\\Calendar App\\API NestJS Sky Calendar\\src\\notificacion\\notificacion.service.ts": {"path":"C:\\Users\\User\\Desktop\\Calendar App\\API NestJS Sky Calendar\\src\\notificacion\\notificacion.service.ts","statementMap":{"0":{"start":{"line":1,"column":0},"end":{"line":1,"column":82}},"1":{"start":{"line":2,"column":0},"end":{"line":2,"column":51}},"2":{"start":{"line":3,"column":0},"end":{"line":3,"column":56}},"3":{"start":{"line":4,"column":0},"end":{"line":4,"column":74}},"4":{"start":{"line":5,"column":0},"end":{"line":5,"column":52}},"5":{"start":{"line":6,"column":0},"end":{"line":6,"column":37}},"6":{"start":{"line":8,"column":0},"end":{"line":8,"column":62}},"7":{"start":{"line":9,"column":0},"end":{"line":9,"column":36}},"8":{"start":{"line":12,"column":32},"end":{"line":111,"column":null}},"9":{"start":{"line":16,"column":21},"end":{"line":16,"column":45}},"10":{"start":{"line":13,"column":19},"end":{"line":13,"column":65}},"11":{"start":{"line":20,"column":4},"end":{"line":20,"column":84}},"12":{"start":{"line":21,"column":4},"end":{"line":39,"column":null}},"13":{"start":{"line":23,"column":24},"end":{"line":28,"column":8}},"14":{"start":{"line":30,"column":6},"end":{"line":35,"column":null}},"15":{"start":{"line":31,"column":8},"end":{"line":34,"column":11}},"16":{"start":{"line":37,"column":6},"end":{"line":37,"column":71}},"17":{"start":{"line":38,"column":6},"end":{"line":38,"column":98}},"18":{"start":{"line":41,"column":4},"end":{"line":41,"column":55}},"19":{"start":{"line":42,"column":4},"end":{"line":42,"column":85}},"20":{"start":{"line":46,"column":4},"end":{"line":46,"column":75}},"21":{"start":{"line":47,"column":4},"end":{"line":54,"column":9}},"22":{"start":{"line":50,"column":8},"end":{"line":50,"column":55}},"23":{"start":{"line":53,"column":8},"end":{"line":53,"column":98}},"24":{"start":{"line":58,"column":4},"end":{"line":65,"column":20}},"25":{"start":{"line":69,"column":4},"end":{"line":77,"column":20}},"26":{"start":{"line":81,"column":4},"end":{"line":81,"column":68}},"27":{"start":{"line":82,"column":33},"end":{"line":82,"column":35}},"28":{"start":{"line":83,"column":4},"end":{"line":109,"column":null}},"29":{"start":{"line":85,"column":6},"end":{"line":87,"column":9}},"30":{"start":{"line":86,"column":8},"end":{"line":86,"column":61}},"31":{"start":{"line":88,"column":6},"end":{"line":88,"column":59}},"32":{"start":{"line":90,"column":6},"end":{"line":90,"column":93}},"33":{"start":{"line":92,"column":6},"end":{"line":97,"column":9}},"34":{"start":{"line":93,"column":8},"end":{"line":96,"column":11}},"35":{"start":{"line":94,"column":10},"end":{"line":94,"column":65}},"36":{"start":{"line":95,"column":10},"end":{"line":95,"column":81}},"37":{"start":{"line":99,"column":6},"end":{"line":99,"column":62}},"38":{"start":{"line":100,"column":6},"end":{"line":103,"column":8}},"39":{"start":{"line":105,"column":6},"end":{"line":105,"column":91}},"40":{"start":{"line":106,"column":6},"end":{"line":108,"column":9}},"41":{"start":{"line":12,"column":13},"end":{"line":111,"column":null}},"42":{"start":{"line":12,"column":13},"end":{"line":12,"column":32}}},"fnMap":{"0":{"name":"(anonymous_4)","decl":{"start":{"line":14,"column":2},"end":{"line":14,"column":null}},"loc":{"start":{"line":16,"column":69},"end":{"line":17,"column":6}}},"1":{"name":"(anonymous_5)","decl":{"start":{"line":19,"column":2},"end":{"line":19,"column":7}},"loc":{"start":{"line":19,"column":90},"end":{"line":43,"column":3}}},"2":{"name":"(anonymous_6)","decl":{"start":{"line":45,"column":2},"end":{"line":45,"column":7}},"loc":{"start":{"line":45,"column":59},"end":{"line":55,"column":3}}},"3":{"name":"(anonymous_7)","decl":{"start":{"line":49,"column":12},"end":{"line":49,"column":13}},"loc":{"start":{"line":49,"column":20},"end":{"line":51,"column":7}}},"4":{"name":"(anonymous_8)","decl":{"start":{"line":52,"column":13},"end":{"line":52,"column":14}},"loc":{"start":{"line":52,"column":21},"end":{"line":54,"column":7}}},"5":{"name":"(anonymous_9)","decl":{"start":{"line":57,"column":2},"end":{"line":57,"column":7}},"loc":{"start":{"line":57,"column":40},"end":{"line":66,"column":3}}},"6":{"name":"(anonymous_10)","decl":{"start":{"line":68,"column":2},"end":{"line":68,"column":7}},"loc":{"start":{"line":68,"column":40},"end":{"line":78,"column":3}}},"7":{"name":"(anonymous_11)","decl":{"start":{"line":80,"column":2},"end":{"line":80,"column":7}},"loc":{"start":{"line":80,"column":50},"end":{"line":110,"column":3}}},"8":{"name":"(anonymous_12)","decl":{"start":{"line":85,"column":25},"end":{"line":85,"column":26}},"loc":{"start":{"line":85,"column":34},"end":{"line":87,"column":7}}},"9":{"name":"(anonymous_13)","decl":{"start":{"line":92,"column":30},"end":{"line":92,"column":31}},"loc":{"start":{"line":92,"column":41},"end":{"line":97,"column":7}}},"10":{"name":"(anonymous_14)","decl":{"start":{"line":93,"column":23},"end":{"line":93,"column":24}},"loc":{"start":{"line":93,"column":33},"end":{"line":96,"column":9}}}},"branchMap":{"0":{"loc":{"start":{"line":30,"column":6},"end":{"line":35,"column":null}},"type":"if","locations":[{"start":{"line":30,"column":6},"end":{"line":35,"column":null}}]}},"s":{"0":7,"1":7,"2":7,"3":7,"4":7,"5":7,"6":7,"7":7,"8":7,"9":53,"10":53,"11":2,"12":2,"13":2,"14":2,"15":2,"16":1,"17":1,"18":1,"19":1,"20":43,"21":43,"22":6,"23":37,"24":7,"25":4,"26":2,"27":2,"28":2,"29":2,"30":8,"31":2,"32":1,"33":1,"34":4,"35":11,"36":11,"37":1,"38":1,"39":1,"40":1,"41":7,"42":7},"f":{"0":53,"1":2,"2":43,"3":6,"4":37,"5":7,"6":4,"7":2,"8":8,"9":4,"10":11},"b":{"0":[2]}}
,"C:\\Users\\User\\Desktop\\Calendar App\\API NestJS Sky Calendar\\src\\task\\task.controller.ts": {"path":"C:\\Users\\User\\Desktop\\Calendar App\\API NestJS Sky Calendar\\src\\task\\task.controller.ts","statementMap":{"0":{"start":{"line":1,"column":0},"end":{"line":1,"column":95}},"1":{"start":{"line":2,"column":0},"end":{"line":2,"column":45}},"2":{"start":{"line":3,"column":0},"end":{"line":3,"column":54}},"3":{"start":{"line":4,"column":0},"end":{"line":4,"column":54}},"4":{"start":{"line":5,"column":0},"end":{"line":5,"column":42}},"5":{"start":{"line":6,"column":0},"end":{"line":6,"column":56}},"6":{"start":{"line":7,"column":0},"end":{"line":7,"column":61}},"7":{"start":{"line":8,"column":0},"end":{"line":8,"column":76}},"8":{"start":{"line":9,"column":0},"end":{"line":9,"column":66}},"9":{"start":{"line":10,"column":0},"end":{"line":10,"column":54}},"10":{"start":{"line":11,"column":0},"end":{"line":11,"column":69}},"11":{"start":{"line":15,"column":27},"end":{"line":100,"column":null}},"12":{"start":{"line":16,"column":31},"end":{"line":16,"column":44}},"13":{"start":{"line":17,"column":19},"end":{"line":17,"column":60}},"14":{"start":{"line":22,"column":4},"end":{"line":22,"column":50}},"15":{"start":{"line":29,"column":4},"end":{"line":29,"column":37}},"16":{"start":{"line":30,"column":17},"end":{"line":30,"column":49}},"17":{"start":{"line":31,"column":4},"end":{"line":34,"column":null}},"18":{"start":{"line":32,"column":6},"end":{"line":32,"column":49}},"19":{"start":{"line":33,"column":6},"end":{"line":33,"column":51}},"20":{"start":{"line":35,"column":4},"end":{"line":35,"column":59}},"21":{"start":{"line":36,"column":4},"end":{"line":36,"column":16}},"22":{"start":{"line":43,"column":4},"end":{"line":43,"column":66}},"23":{"start":{"line":44,"column":23},"end":{"line":44,"column":65}},"24":{"start":{"line":45,"column":4},"end":{"line":48,"column":null}},"25":{"start":{"line":46,"column":6},"end":{"line":46,"column":82}},"26":{"start":{"line":47,"column":6},"end":{"line":47,"column":51}},"27":{"start":{"line":49,"column":4},"end":{"line":49,"column":92}},"28":{"start":{"line":50,"column":4},"end":{"line":50,"column":22}},"29":{"start":{"line":57,"column":4},"end":{"line":57,"column":50}},"30":{"start":{"line":58,"column":23},"end":{"line":58,"column":75}},"31":{"start":{"line":59,"column":4},"end":{"line":62,"column":null}},"32":{"start":{"line":60,"column":6},"end":{"line":60,"column":74}},"33":{"start":{"line":61,"column":6},"end":{"line":61,"column":65}},"34":{"start":{"line":63,"column":4},"end":{"line":63,"column":84}},"35":{"start":{"line":64,"column":4},"end":{"line":64,"column":22}},"36":{"start":{"line":71,"column":4},"end":{"line":71,"column":60}},"37":{"start":{"line":78,"column":4},"end":{"line":78,"column":57}},"38":{"start":{"line":85,"column":4},"end":{"line":85,"column":50}},"39":{"start":{"line":92,"column":4},"end":{"line":92,"column":54}},"40":{"start":{"line":21,"column":2},"end":{"line":23,"column":null}},"41":{"start":{"line":28,"column":2},"end":{"line":37,"column":null}},"42":{"start":{"line":42,"column":2},"end":{"line":51,"column":null}},"43":{"start":{"line":56,"column":2},"end":{"line":65,"column":null}},"44":{"start":{"line":70,"column":2},"end":{"line":72,"column":null}},"45":{"start":{"line":77,"column":2},"end":{"line":79,"column":null}},"46":{"start":{"line":84,"column":2},"end":{"line":86,"column":null}},"47":{"start":{"line":91,"column":2},"end":{"line":93,"column":null}},"48":{"start":{"line":15,"column":13},"end":{"line":100,"column":null}},"49":{"start":{"line":15,"column":13},"end":{"line":15,"column":27}}},"fnMap":{"0":{"name":"(anonymous_4)","decl":{"start":{"line":16,"column":2},"end":{"line":16,"column":31}},"loc":{"start":{"line":16,"column":55},"end":{"line":16,"column":59}}},"1":{"name":"(anonymous_5)","decl":{"start":{"line":21,"column":2},"end":{"line":21,"column":7}},"loc":{"start":{"line":21,"column":51},"end":{"line":23,"column":3}}},"2":{"name":"(anonymous_6)","decl":{"start":{"line":28,"column":2},"end":{"line":28,"column":7}},"loc":{"start":{"line":28,"column":15},"end":{"line":37,"column":3}}},"3":{"name":"(anonymous_7)","decl":{"start":{"line":42,"column":2},"end":{"line":42,"column":7}},"loc":{"start":{"line":42,"column":46},"end":{"line":51,"column":3}}},"4":{"name":"(anonymous_8)","decl":{"start":{"line":56,"column":2},"end":{"line":56,"column":7}},"loc":{"start":{"line":56,"column":40},"end":{"line":65,"column":3}}},"5":{"name":"(anonymous_9)","decl":{"start":{"line":70,"column":2},"end":{"line":70,"column":18}},"loc":{"start":{"line":70,"column":55},"end":{"line":72,"column":3}}},"6":{"name":"(anonymous_10)","decl":{"start":{"line":77,"column":2},"end":{"line":77,"column":15}},"loc":{"start":{"line":77,"column":52},"end":{"line":79,"column":3}}},"7":{"name":"(anonymous_11)","decl":{"start":{"line":84,"column":2},"end":{"line":84,"column":7}},"loc":{"start":{"line":84,"column":51},"end":{"line":86,"column":3}}},"8":{"name":"(anonymous_12)","decl":{"start":{"line":91,"column":2},"end":{"line":91,"column":12}},"loc":{"start":{"line":91,"column":49},"end":{"line":93,"column":3}}}},"branchMap":{"0":{"loc":{"start":{"line":31,"column":4},"end":{"line":34,"column":null}},"type":"if","locations":[{"start":{"line":31,"column":4},"end":{"line":34,"column":null}}]},"1":{"loc":{"start":{"line":45,"column":4},"end":{"line":48,"column":null}},"type":"if","locations":[{"start":{"line":45,"column":4},"end":{"line":48,"column":null}}]},"2":{"loc":{"start":{"line":59,"column":4},"end":{"line":62,"column":null}},"type":"if","locations":[{"start":{"line":59,"column":4},"end":{"line":62,"column":null}}]}},"s":{"0":7,"1":7,"2":7,"3":7,"4":7,"5":7,"6":7,"7":7,"8":7,"9":7,"10":7,"11":7,"12":53,"13":53,"14":3,"15":2,"16":2,"17":2,"18":1,"19":1,"20":1,"21":1,"22":2,"23":2,"24":2,"25":1,"26":1,"27":1,"28":1,"29":2,"30":2,"31":2,"32":1,"33":1,"34":1,"35":1,"36":2,"37":2,"38":3,"39":3,"40":7,"41":7,"42":7,"43":7,"44":7,"45":7,"46":7,"47":7,"48":7,"49":7},"f":{"0":53,"1":3,"2":2,"3":2,"4":2,"5":2,"6":2,"7":3,"8":3},"b":{"0":[1],"1":[1],"2":[1]}}
,"C:\\Users\\User\\Desktop\\Calendar App\\API NestJS Sky Calendar\\src\\task\\task.service.ts": {"path":"C:\\Users\\User\\Desktop\\Calendar App\\API NestJS Sky Calendar\\src\\task\\task.service.ts","statementMap":{"0":{"start":{"line":1,"column":0},"end":{"line":1,"column":82}},"1":{"start":{"line":2,"column":0},"end":{"line":2,"column":51}},"2":{"start":{"line":3,"column":0},"end":{"line":3,"column":56}},"3":{"start":{"line":4,"column":0},"end":{"line":4,"column":75}},"4":{"start":{"line":6,"column":0},"end":{"line":6,"column":74}},"5":{"start":{"line":7,"column":0},"end":{"line":7,"column":73}},"6":{"start":{"line":8,"column":0},"end":{"line":8,"column":52}},"7":{"start":{"line":9,"column":0},"end":{"line":9,"column":52}},"8":{"start":{"line":10,"column":0},"end":{"line":10,"column":37}},"9":{"start":{"line":14,"column":0},"end":{"line":14,"column":46}},"10":{"start":{"line":17,"column":24},"end":{"line":300,"column":null}},"11":{"start":{"line":21,"column":21},"end":{"line":21,"column":37}},"12":{"start":{"line":23,"column":21},"end":{"line":23,"column":42}},"13":{"start":{"line":25,"column":21},"end":{"line":25,"column":40}},"14":{"start":{"line":18,"column":19},"end":{"line":18,"column":57}},"15":{"start":{"line":42,"column":4},"end":{"line":42,"column":36}},"16":{"start":{"line":43,"column":4},"end":{"line":57,"column":null}},"17":{"start":{"line":44,"column":22},"end":{"line":50,"column":8}},"18":{"start":{"line":51,"column":6},"end":{"line":51,"column":53}},"19":{"start":{"line":53,"column":6},"end":{"line":53,"column":91}},"20":{"start":{"line":54,"column":6},"end":{"line":56,"column":9}},"21":{"start":{"line":59,"column":33},"end":{"line":59,"column":35}},"22":{"start":{"line":61,"column":4},"end":{"line":74,"column":null}},"23":{"start":{"line":62,"column":6},"end":{"line":64,"column":9}},"24":{"start":{"line":63,"column":8},"end":{"line":63,"column":91}},"25":{"start":{"line":65,"column":6},"end":{"line":65,"column":41}},"26":{"start":{"line":67,"column":6},"end":{"line":70,"column":8}},"27":{"start":{"line":71,"column":6},"end":{"line":73,"column":9}},"28":{"start":{"line":77,"column":4},"end":{"line":77,"column":52}},"29":{"start":{"line":78,"column":4},"end":{"line":81,"column":6}},"30":{"start":{"line":99,"column":4},"end":{"line":113,"column":20}},"31":{"start":{"line":132,"column":4},"end":{"line":149,"column":20}},"32":{"start":{"line":168,"column":4},"end":{"line":179,"column":20}},"33":{"start":{"line":191,"column":4},"end":{"line":191,"column":57}},"34":{"start":{"line":193,"column":4},"end":{"line":232,"column":null}},"35":{"start":{"line":194,"column":25},"end":{"line":205,"column":18}},"36":{"start":{"line":206,"column":6},"end":{"line":226,"column":null}},"37":{"start":{"line":207,"column":8},"end":{"line":207,"column":80}},"38":{"start":{"line":208,"column":23},"end":{"line":208,"column":93}},"39":{"start":{"line":209,"column":8},"end":{"line":209,"column":57}},"40":{"start":{"line":212,"column":8},"end":{"line":217,"column":11}},"41":{"start":{"line":213,"column":10},"end":{"line":216,"column":12}},"42":{"start":{"line":219,"column":8},"end":{"line":222,"column":10}},"43":{"start":{"line":224,"column":8},"end":{"line":224,"column":98}},"44":{"start":{"line":225,"column":8},"end":{"line":225,"column":62}},"45":{"start":{"line":228,"column":6},"end":{"line":228,"column":98}},"46":{"start":{"line":229,"column":6},"end":{"line":231,"column":9}},"47":{"start":{"line":243,"column":4},"end":{"line":243,"column":55}},"48":{"start":{"line":245,"column":19},"end":{"line":245,"column":89}},"49":{"start":{"line":246,"column":4},"end":{"line":268,"column":null}},"50":{"start":{"line":247,"column":25},"end":{"line":247,"column":93}},"51":{"start":{"line":248,"column":6},"end":{"line":262,"column":null}},"52":{"start":{"line":249,"column":8},"end":{"line":249,"column":56}},"53":{"start":{"line":251,"column":8},"end":{"line":256,"column":11}},"54":{"start":{"line":252,"column":10},"end":{"line":255,"column":12}},"55":{"start":{"line":258,"column":8},"end":{"line":258,"column":86}},"56":{"start":{"line":260,"column":8},"end":{"line":260,"column":60}},"57":{"start":{"line":261,"column":8},"end":{"line":261,"column":88}},"58":{"start":{"line":264,"column":6},"end":{"line":264,"column":76}},"59":{"start":{"line":265,"column":6},"end":{"line":267,"column":9}},"60":{"start":{"line":273,"column":19},"end":{"line":273,"column":89}},"61":{"start":{"line":274,"column":4},"end":{"line":274,"column":73}},"62":{"start":{"line":275,"column":4},"end":{"line":275,"column":91}},"63":{"start":{"line":278,"column":4},"end":{"line":280,"column":7}},"64":{"start":{"line":279,"column":6},"end":{"line":279,"column":99}},"65":{"start":{"line":282,"column":4},"end":{"line":282,"column":66}},"66":{"start":{"line":287,"column":26},"end":{"line":287,"column":83}},"67":{"start":{"line":289,"column":4},"end":{"line":296,"column":null}},"68":{"start":{"line":291,"column":21},"end":{"line":291,"column":91}},"69":{"start":{"line":293,"column":6},"end":{"line":295,"column":9}},"70":{"start":{"line":294,"column":8},"end":{"line":294,"column":98}},"71":{"start":{"line":298,"column":4},"end":{"line":298,"column":25}},"72":{"start":{"line":17,"column":13},"end":{"line":300,"column":null}},"73":{"start":{"line":17,"column":13},"end":{"line":17,"column":24}}},"fnMap":{"0":{"name":"(anonymous_4)","decl":{"start":{"line":19,"column":2},"end":{"line":19,"column":null}},"loc":{"start":{"line":25,"column":57},"end":{"line":26,"column":6}}},"1":{"name":"(anonymous_5)","decl":{"start":{"line":40,"column":2},"end":{"line":40,"column":7}},"loc":{"start":{"line":40,"column":43},"end":{"line":82,"column":3}}},"2":{"name":"(anonymous_6)","decl":{"start":{"line":62,"column":34},"end":{"line":62,"column":35}},"loc":{"start":{"line":62,"column":43},"end":{"line":64,"column":7}}},"3":{"name":"(anonymous_7)","decl":{"start":{"line":98,"column":2},"end":{"line":98,"column":7}},"loc":{"start":{"line":98,"column":15},"end":{"line":114,"column":3}}},"4":{"name":"(anonymous_8)","decl":{"start":{"line":131,"column":2},"end":{"line":131,"column":7}},"loc":{"start":{"line":131,"column":21},"end":{"line":150,"column":3}}},"5":{"name":"(anonymous_9)","decl":{"start":{"line":167,"column":2},"end":{"line":167,"column":7}},"loc":{"start":{"line":167,"column":34},"end":{"line":180,"column":3}}},"6":{"name":"(anonymous_10)","decl":{"start":{"line":190,"column":2},"end":{"line":190,"column":7}},"loc":{"start":{"line":190,"column":43},"end":{"line":233,"column":3}}},"7":{"name":"(anonymous_11)","decl":{"start":{"line":212,"column":23},"end":{"line":212,"column":24}},"loc":{"start":{"line":212,"column":32},"end":{"line":217,"column":9}}},"8":{"name":"(anonymous_12)","decl":{"start":{"line":242,"column":2},"end":{"line":242,"column":7}},"loc":{"start":{"line":242,"column":47},"end":{"line":269,"column":3}}},"9":{"name":"(anonymous_13)","decl":{"start":{"line":251,"column":23},"end":{"line":251,"column":24}},"loc":{"start":{"line":251,"column":32},"end":{"line":256,"column":9}}},"10":{"name":"(anonymous_14)","decl":{"start":{"line":271,"column":2},"end":{"line":271,"column":7}},"loc":{"start":{"line":271,"column":53},"end":{"line":283,"column":3}}},"11":{"name":"(anonymous_15)","decl":{"start":{"line":278,"column":19},"end":{"line":278,"column":20}},"loc":{"start":{"line":278,"column":28},"end":{"line":280,"column":5}}},"12":{"name":"(anonymous_16)","decl":{"start":{"line":285,"column":2},"end":{"line":285,"column":7}},"loc":{"start":{"line":285,"column":50},"end":{"line":299,"column":3}}},"13":{"name":"(anonymous_17)","decl":{"start":{"line":293,"column":21},"end":{"line":293,"column":22}},"loc":{"start":{"line":293,"column":30},"end":{"line":295,"column":7}}}},"branchMap":{"0":{"loc":{"start":{"line":206,"column":6},"end":{"line":226,"column":null}},"type":"if","locations":[{"start":{"line":206,"column":6},"end":{"line":226,"column":null}},{"start":{"line":223,"column":13},"end":{"line":226,"column":null}}]},"1":{"loc":{"start":{"line":248,"column":6},"end":{"line":262,"column":null}},"type":"if","locations":[{"start":{"line":248,"column":6},"end":{"line":262,"column":null}},{"start":{"line":259,"column":13},"end":{"line":262,"column":null}}]},"2":{"loc":{"start":{"line":289,"column":4},"end":{"line":296,"column":null}},"type":"if","locations":[{"start":{"line":289,"column":4},"end":{"line":296,"column":null}}]}},"s":{"0":7,"1":7,"2":7,"3":7,"4":7,"5":7,"6":7,"7":7,"8":7,"9":7,"10":7,"11":53,"12":53,"13":53,"14":53,"15":3,"16":3,"17":3,"18":3,"19":1,"20":1,"21":2,"22":2,"23":2,"24":4,"25":2,"26":1,"27":1,"28":1,"29":1,"30":1,"31":1,"32":1,"33":3,"34":3,"35":3,"36":2,"37":1,"38":1,"39":1,"40":1,"41":10,"42":1,"43":1,"44":1,"45":1,"46":1,"47":3,"48":3,"49":3,"50":3,"51":2,"52":1,"53":1,"54":10,"55":1,"56":1,"57":1,"58":1,"59":1,"60":2,"61":2,"62":2,"63":2,"64":8,"65":2,"66":2,"67":1,"68":1,"69":1,"70":4,"71":1,"72":7,"73":7},"f":{"0":53,"1":3,"2":4,"3":1,"4":1,"5":1,"6":3,"7":10,"8":3,"9":10,"10":2,"11":8,"12":2,"13":4},"b":{"0":[1,1],"1":[1,1],"2":[1]}}
,"C:\\Users\\User\\Desktop\\Calendar App\\API NestJS Sky Calendar\\src\\task_to_user\\task_to_user.service.ts": {"path":"C:\\Users\\User\\Desktop\\Calendar App\\API NestJS Sky Calendar\\src\\task_to_user\\task_to_user.service.ts","statementMap":{"0":{"start":{"line":1,"column":0},"end":{"line":1,"column":82}},"1":{"start":{"line":2,"column":0},"end":{"line":2,"column":51}},"2":{"start":{"line":3,"column":0},"end":{"line":3,"column":56}},"3":{"start":{"line":4,"column":0},"end":{"line":4,"column":37}},"4":{"start":{"line":6,"column":0},"end":{"line":6,"column":60}},"5":{"start":{"line":9,"column":30},"end":{"line":88,"column":null}},"6":{"start":{"line":13,"column":21},"end":{"line":13,"column":43}},"7":{"start":{"line":10,"column":19},"end":{"line":10,"column":63}},"8":{"start":{"line":25,"column":4},"end":{"line":37,"column":null}},"9":{"start":{"line":26,"column":6},"end":{"line":26,"column":58}},"10":{"start":{"line":28,"column":6},"end":{"line":33,"column":8}},"11":{"start":{"line":34,"column":6},"end":{"line":36,"column":9}},"12":{"start":{"line":39,"column":4},"end":{"line":41,"column":6}},"13":{"start":{"line":42,"column":4},"end":{"line":45,"column":6}},"14":{"start":{"line":55,"column":4},"end":{"line":55,"column":82}},"15":{"start":{"line":64,"column":4},"end":{"line":76,"column":null}},"16":{"start":{"line":65,"column":6},"end":{"line":65,"column":60}},"17":{"start":{"line":67,"column":6},"end":{"line":72,"column":8}},"18":{"start":{"line":73,"column":6},"end":{"line":75,"column":9}},"19":{"start":{"line":78,"column":4},"end":{"line":80,"column":6}},"20":{"start":{"line":81,"column":4},"end":{"line":84,"column":6}},"21":{"start":{"line":9,"column":13},"end":{"line":88,"column":null}},"22":{"start":{"line":9,"column":13},"end":{"line":9,"column":30}}},"fnMap":{"0":{"name":"(anonymous_4)","decl":{"start":{"line":11,"column":2},"end":{"line":11,"column":null}},"loc":{"start":{"line":13,"column":65},"end":{"line":14,"column":6}}},"1":{"name":"(anonymous_5)","decl":{"start":{"line":24,"column":2},"end":{"line":24,"column":7}},"loc":{"start":{"line":24,"column":50},"end":{"line":46,"column":3}}},"2":{"name":"(anonymous_6)","decl":{"start":{"line":54,"column":2},"end":{"line":54,"column":7}},"loc":{"start":{"line":54,"column":39},"end":{"line":56,"column":3}}},"3":{"name":"(anonymous_7)","decl":{"start":{"line":63,"column":2},"end":{"line":63,"column":7}},"loc":{"start":{"line":63,"column":53},"end":{"line":85,"column":3}}}},"branchMap":{},"s":{"0":7,"1":7,"2":7,"3":7,"4":7,"5":7,"6":53,"7":53,"8":2,"9":2,"10":1,"11":1,"12":1,"13":1,"14":3,"15":2,"16":2,"17":1,"18":1,"19":1,"20":1,"21":7,"22":7},"f":{"0":53,"1":2,"2":3,"3":2},"b":{}}
,"C:\\Users\\User\\Desktop\\Calendar App\\API NestJS Sky Calendar\\src\\type\\type.controller.ts": {"path":"C:\\Users\\User\\Desktop\\Calendar App\\API NestJS Sky Calendar\\src\\type\\type.controller.ts","statementMap":{"0":{"start":{"line":1,"column":0},"end":{"line":1,"column":68}},"1":{"start":{"line":2,"column":0},"end":{"line":2,"column":45}},"2":{"start":{"line":3,"column":0},"end":{"line":3,"column":42}},"3":{"start":{"line":4,"column":0},"end":{"line":4,"column":61}},"4":{"start":{"line":8,"column":27},"end":{"line":19,"column":null}},"5":{"start":{"line":10,"column":31},"end":{"line":10,"column":44}},"6":{"start":{"line":9,"column":19},"end":{"line":9,"column":60}},"7":{"start":{"line":15,"column":4},"end":{"line":15,"column":38}},"8":{"start":{"line":16,"column":4},"end":{"line":16,"column":38}},"9":{"start":{"line":14,"column":2},"end":{"line":17,"column":null}},"10":{"start":{"line":8,"column":13},"end":{"line":19,"column":null}},"11":{"start":{"line":8,"column":13},"end":{"line":8,"column":27}}},"fnMap":{"0":{"name":"(anonymous_2)","decl":{"start":{"line":10,"column":2},"end":{"line":10,"column":31}},"loc":{"start":{"line":10,"column":55},"end":{"line":10,"column":59}}},"1":{"name":"(anonymous_3)","decl":{"start":{"line":14,"column":2},"end":{"line":14,"column":7}},"loc":{"start":{"line":14,"column":15},"end":{"line":17,"column":3}}}},"branchMap":{},"s":{"0":7,"1":7,"2":7,"3":7,"4":7,"5":53,"6":53,"7":2,"8":2,"9":7,"10":7,"11":7},"f":{"0":53,"1":2},"b":{}}
,"C:\\Users\\User\\Desktop\\Calendar App\\API NestJS Sky Calendar\\src\\type\\type.service.ts": {"path":"C:\\Users\\User\\Desktop\\Calendar App\\API NestJS Sky Calendar\\src\\type\\type.service.ts","statementMap":{"0":{"start":{"line":1,"column":0},"end":{"line":1,"column":82}},"1":{"start":{"line":2,"column":0},"end":{"line":2,"column":51}},"2":{"start":{"line":3,"column":0},"end":{"line":3,"column":37}},"3":{"start":{"line":4,"column":0},"end":{"line":4,"column":46}},"4":{"start":{"line":7,"column":24},"end":{"line":24,"column":null}},"5":{"start":{"line":11,"column":21},"end":{"line":11,"column":37}},"6":{"start":{"line":8,"column":19},"end":{"line":8,"column":57}},"7":{"start":{"line":15,"column":4},"end":{"line":15,"column":38}},"8":{"start":{"line":16,"column":31},"end":{"line":16,"column":63}},"9":{"start":{"line":17,"column":4},"end":{"line":21,"column":null}},"10":{"start":{"line":18,"column":6},"end":{"line":20,"column":9}},"11":{"start":{"line":22,"column":4},"end":{"line":22,"column":22}},"12":{"start":{"line":7,"column":13},"end":{"line":24,"column":null}},"13":{"start":{"line":7,"column":13},"end":{"line":7,"column":24}}},"fnMap":{"0":{"name":"(anonymous_4)","decl":{"start":{"line":9,"column":2},"end":{"line":9,"column":null}},"loc":{"start":{"line":11,"column":53},"end":{"line":12,"column":6}}},"1":{"name":"(anonymous_5)","decl":{"start":{"line":14,"column":2},"end":{"line":14,"column":7}},"loc":{"start":{"line":14,"column":15},"end":{"line":23,"column":3}}}},"branchMap":{"0":{"loc":{"start":{"line":17,"column":4},"end":{"line":21,"column":null}},"type":"if","locations":[{"start":{"line":17,"column":4},"end":{"line":21,"column":null}}]}},"s":{"0":7,"1":7,"2":7,"3":7,"4":7,"5":53,"6":53,"7":2,"8":2,"9":2,"10":1,"11":1,"12":7,"13":7},"f":{"0":53,"1":2},"b":{"0":[1]}}
,"C:\\Users\\User\\Desktop\\Calendar App\\API NestJS Sky Calendar\\src\\user\\user.controller.ts": {"path":"C:\\Users\\User\\Desktop\\Calendar App\\API NestJS Sky Calendar\\src\\user\\user.controller.ts","statementMap":{"0":{"start":{"line":1,"column":0},"end":{"line":1,"column":95}},"1":{"start":{"line":2,"column":0},"end":{"line":2,"column":45}},"2":{"start":{"line":3,"column":0},"end":{"line":3,"column":54}},"3":{"start":{"line":4,"column":0},"end":{"line":4,"column":54}},"4":{"start":{"line":5,"column":0},"end":{"line":5,"column":42}},"5":{"start":{"line":6,"column":0},"end":{"line":6,"column":54}},"6":{"start":{"line":7,"column":0},"end":{"line":7,"column":56}},"7":{"start":{"line":8,"column":0},"end":{"line":8,"column":61}},"8":{"start":{"line":9,"column":0},"end":{"line":9,"column":66}},"9":{"start":{"line":10,"column":0},"end":{"line":10,"column":76}},"10":{"start":{"line":11,"column":0},"end":{"line":11,"column":59}},"11":{"start":{"line":15,"column":27},"end":{"line":60,"column":null}},"12":{"start":{"line":16,"column":31},"end":{"line":16,"column":44}},"13":{"start":{"line":17,"column":19},"end":{"line":17,"column":60}},"14":{"start":{"line":22,"column":4},"end":{"line":22,"column":39}},"15":{"start":{"line":23,"column":4},"end":{"line":23,"column":50}},"16":{"start":{"line":29,"column":4},"end":{"line":29,"column":41}},"17":{"start":{"line":30,"column":18},"end":{"line":30,"column":50}},"18":{"start":{"line":31,"column":4},"end":{"line":34,"column":null}},"19":{"start":{"line":32,"column":6},"end":{"line":32,"column":53}},"20":{"start":{"line":33,"column":6},"end":{"line":33,"column":43}},"21":{"start":{"line":35,"column":4},"end":{"line":35,"column":62}},"22":{"start":{"line":36,"column":4},"end":{"line":36,"column":17}},"23":{"start":{"line":42,"column":4},"end":{"line":42,"column":45}},"24":{"start":{"line":43,"column":4},"end":{"line":43,"column":63}},"25":{"start":{"line":44,"column":4},"end":{"line":44,"column":49}},"26":{"start":{"line":50,"column":4},"end":{"line":50,"column":44}},"27":{"start":{"line":51,"column":4},"end":{"line":51,"column":50}},"28":{"start":{"line":57,"column":4},"end":{"line":57,"column":42}},"29":{"start":{"line":58,"column":4},"end":{"line":58,"column":50}},"30":{"start":{"line":21,"column":2},"end":{"line":24,"column":null}},"31":{"start":{"line":28,"column":2},"end":{"line":37,"column":null}},"32":{"start":{"line":41,"column":2},"end":{"line":45,"column":null}},"33":{"start":{"line":49,"column":2},"end":{"line":52,"column":null}},"34":{"start":{"line":56,"column":2},"end":{"line":59,"column":null}},"35":{"start":{"line":15,"column":13},"end":{"line":60,"column":null}},"36":{"start":{"line":15,"column":13},"end":{"line":15,"column":27}}},"fnMap":{"0":{"name":"(anonymous_4)","decl":{"start":{"line":16,"column":2},"end":{"line":16,"column":31}},"loc":{"start":{"line":16,"column":55},"end":{"line":16,"column":59}}},"1":{"name":"(anonymous_5)","decl":{"start":{"line":21,"column":2},"end":{"line":21,"column":8}},"loc":{"start":{"line":21,"column":45},"end":{"line":24,"column":3}}},"2":{"name":"(anonymous_6)","decl":{"start":{"line":28,"column":2},"end":{"line":28,"column":7}},"loc":{"start":{"line":28,"column":15},"end":{"line":37,"column":3}}},"3":{"name":"(anonymous_7)","decl":{"start":{"line":41,"column":2},"end":{"line":41,"column":7}},"loc":{"start":{"line":41,"column":40},"end":{"line":45,"column":3}}},"4":{"name":"(anonymous_8)","decl":{"start":{"line":49,"column":2},"end":{"line":49,"column":8}},"loc":{"start":{"line":49,"column":45},"end":{"line":52,"column":3}}},"5":{"name":"(anonymous_9)","decl":{"start":{"line":56,"column":2},"end":{"line":56,"column":8}},"loc":{"start":{"line":56,"column":45},"end":{"line":59,"column":3}}}},"branchMap":{"0":{"loc":{"start":{"line":31,"column":4},"end":{"line":34,"column":null}},"type":"if","locations":[{"start":{"line":31,"column":4},"end":{"line":34,"column":null}}]}},"s":{"0":7,"1":7,"2":7,"3":7,"4":7,"5":7,"6":7,"7":7,"8":7,"9":7,"10":7,"11":7,"12":53,"13":53,"14":5,"15":5,"16":2,"17":2,"18":2,"19":1,"20":1,"21":1,"22":1,"23":1,"24":1,"25":1,"26":2,"27":2,"28":2,"29":2,"30":7,"31":7,"32":7,"33":7,"34":7,"35":7,"36":7},"f":{"0":53,"1":5,"2":2,"3":1,"4":2,"5":2},"b":{"0":[1]}}
,"C:\\Users\\User\\Desktop\\Calendar App\\API NestJS Sky Calendar\\src\\user\\user.service.ts": {"path":"C:\\Users\\User\\Desktop\\Calendar App\\API NestJS Sky Calendar\\src\\user\\user.service.ts","statementMap":{"0":{"start":{"line":1,"column":0},"end":{"line":1,"column":82}},"1":{"start":{"line":2,"column":0},"end":{"line":2,"column":51}},"2":{"start":{"line":3,"column":0},"end":{"line":3,"column":56}},"3":{"start":{"line":4,"column":0},"end":{"line":4,"column":47}},"4":{"start":{"line":5,"column":0},"end":{"line":5,"column":37}},"5":{"start":{"line":9,"column":0},"end":{"line":9,"column":46}},"6":{"start":{"line":10,"column":0},"end":{"line":10,"column":45}},"7":{"start":{"line":13,"column":24},"end":{"line":200,"column":null}},"8":{"start":{"line":17,"column":21},"end":{"line":17,"column":37}},"9":{"start":{"line":14,"column":19},"end":{"line":14,"column":57}},"10":{"start":{"line":21,"column":20},"end":{"line":21,"column":76}},"11":{"start":{"line":22,"column":4},"end":{"line":24,"column":null}},"12":{"start":{"line":23,"column":6},"end":{"line":23,"column":34}},"13":{"start":{"line":26,"column":15},"end":{"line":26,"column":36}},"14":{"start":{"line":28,"column":4},"end":{"line":41,"column":null}},"15":{"start":{"line":29,"column":6},"end":{"line":32,"column":9}},"16":{"start":{"line":33,"column":6},"end":{"line":33,"column":39}},"17":{"start":{"line":34,"column":22},"end":{"line":34,"column":54}},"18":{"start":{"line":35,"column":6},"end":{"line":35,"column":53}},"19":{"start":{"line":37,"column":6},"end":{"line":39,"column":9}},"20":{"start":{"line":40,"column":6},"end":{"line":40,"column":98}},"21":{"start":{"line":43,"column":4},"end":{"line":64,"column":null}},"22":{"start":{"line":44,"column":6},"end":{"line":53,"column":9}},"23":{"start":{"line":54,"column":6},"end":{"line":56,"column":8}},"24":{"start":{"line":58,"column":6},"end":{"line":60,"column":9}},"25":{"start":{"line":61,"column":6},"end":{"line":63,"column":9}},"26":{"start":{"line":66,"column":4},"end":{"line":66,"column":25}},"27":{"start":{"line":67,"column":4},"end":{"line":67,"column":61}},"28":{"start":{"line":68,"column":4},"end":{"line":72,"column":6}},"29":{"start":{"line":77,"column":4},"end":{"line":95,"column":null}},"30":{"start":{"line":78,"column":6},"end":{"line":84,"column":18}},"31":{"start":{"line":85,"column":6},"end":{"line":91,"column":null}},"32":{"start":{"line":86,"column":8},"end":{"line":86,"column":82}},"33":{"start":{"line":87,"column":8},"end":{"line":90,"column":10}},"34":{"start":{"line":93,"column":6},"end":{"line":93,"column":100}},"35":{"start":{"line":94,"column":6},"end":{"line":94,"column":78}},"36":{"start":{"line":96,"column":4},"end":{"line":96,"column":44}},"37":{"start":{"line":100,"column":4},"end":{"line":100,"column":38}},"38":{"start":{"line":104,"column":4},"end":{"line":120,"column":null}},"39":{"start":{"line":105,"column":25},"end":{"line":111,"column":8}},"40":{"start":{"line":112,"column":6},"end":{"line":112,"column":69}},"41":{"start":{"line":114,"column":6},"end":{"line":116,"column":9}},"42":{"start":{"line":117,"column":6},"end":{"line":119,"column":9}},"43":{"start":{"line":122,"column":4},"end":{"line":122,"column":79}},"44":{"start":{"line":123,"column":4},"end":{"line":126,"column":6}},"45":{"start":{"line":130,"column":4},"end":{"line":137,"column":null}},"46":{"start":{"line":131,"column":6},"end":{"line":131,"column":57}},"47":{"start":{"line":133,"column":6},"end":{"line":133,"column":97}},"48":{"start":{"line":134,"column":6},"end":{"line":136,"column":9}},"49":{"start":{"line":139,"column":4},"end":{"line":139,"column":78}},"50":{"start":{"line":140,"column":4},"end":{"line":144,"column":6}},"51":{"start":{"line":148,"column":4},"end":{"line":148,"column":57}},"52":{"start":{"line":149,"column":4},"end":{"line":159,"column":null}},"53":{"start":{"line":150,"column":6},"end":{"line":152,"column":9}},"54":{"start":{"line":154,"column":6},"end":{"line":154,"column":82}},"55":{"start":{"line":155,"column":6},"end":{"line":155,"column":31}},"56":{"start":{"line":156,"column":6},"end":{"line":158,"column":9}},"57":{"start":{"line":163,"column":4},"end":{"line":198,"column":null}},"58":{"start":{"line":165,"column":36},"end":{"line":170,"column":8}},"59":{"start":{"line":171,"column":6},"end":{"line":171,"column":43}},"60":{"start":{"line":173,"column":30},"end":{"line":182,"column":18}},"61":{"start":{"line":184,"column":6},"end":{"line":191,"column":null}},"62":{"start":{"line":185,"column":8},"end":{"line":185,"column":99}},"63":{"start":{"line":186,"column":8},"end":{"line":186,"column":94}},"64":{"start":{"line":189,"column":8},"end":{"line":189,"column":99}},"65":{"start":{"line":190,"column":8},"end":{"line":190,"column":72}},"66":{"start":{"line":193,"column":6},"end":{"line":193,"column":98}},"67":{"start":{"line":194,"column":6},"end":{"line":194,"column":31}},"68":{"start":{"line":195,"column":6},"end":{"line":197,"column":9}},"69":{"start":{"line":13,"column":13},"end":{"line":200,"column":null}},"70":{"start":{"line":13,"column":13},"end":{"line":13,"column":24}}},"fnMap":{"0":{"name":"(anonymous_4)","decl":{"start":{"line":15,"column":2},"end":{"line":15,"column":null}},"loc":{"start":{"line":17,"column":53},"end":{"line":18,"column":6}}},"1":{"name":"(anonymous_5)","decl":{"start":{"line":20,"column":2},"end":{"line":20,"column":7}},"loc":{"start":{"line":20,"column":43},"end":{"line":73,"column":3}}},"2":{"name":"(anonymous_6)","decl":{"start":{"line":75,"column":2},"end":{"line":75,"column":7}},"loc":{"start":{"line":75,"column":33},"end":{"line":97,"column":3}}},"3":{"name":"(anonymous_7)","decl":{"start":{"line":99,"column":2},"end":{"line":99,"column":7}},"loc":{"start":{"line":99,"column":15},"end":{"line":101,"column":3}}},"4":{"name":"(anonymous_8)","decl":{"start":{"line":103,"column":2},"end":{"line":103,"column":7}},"loc":{"start":{"line":103,"column":43},"end":{"line":127,"column":3}}},"5":{"name":"(anonymous_9)","decl":{"start":{"line":129,"column":2},"end":{"line":129,"column":7}},"loc":{"start":{"line":129,"column":43},"end":{"line":145,"column":3}}},"6":{"name":"(anonymous_10)","decl":{"start":{"line":147,"column":2},"end":{"line":147,"column":7}},"loc":{"start":{"line":147,"column":34},"end":{"line":160,"column":3}}},"7":{"name":"(anonymous_11)","decl":{"start":{"line":162,"column":2},"end":{"line":162,"column":7}},"loc":{"start":{"line":162,"column":34},"end":{"line":199,"column":3}}}},"branchMap":{"0":{"loc":{"start":{"line":22,"column":4},"end":{"line":24,"column":null}},"type":"if","locations":[{"start":{"line":22,"column":4},"end":{"line":24,"column":null}}]},"1":{"loc":{"start":{"line":85,"column":6},"end":{"line":91,"column":null}},"type":"if","locations":[{"start":{"line":85,"column":6},"end":{"line":91,"column":null}}]},"2":{"loc":{"start":{"line":184,"column":6},"end":{"line":191,"column":null}},"type":"if","locations":[{"start":{"line":184,"column":6},"end":{"line":191,"column":null}},{"start":{"line":187,"column":13},"end":{"line":191,"column":null}}]}},"s":{"0":7,"1":7,"2":7,"3":7,"4":7,"5":7,"6":7,"7":7,"8":53,"9":53,"10":5,"11":4,"12":1,"13":3,"14":3,"15":3,"16":3,"17":3,"18":3,"19":1,"20":1,"21":2,"22":2,"23":1,"24":1,"25":1,"26":1,"27":1,"28":1,"29":15,"30":15,"31":14,"32":10,"33":10,"34":1,"35":1,"36":4,"37":2,"38":2,"39":2,"40":2,"41":1,"42":1,"43":1,"44":1,"45":2,"46":2,"47":1,"48":1,"49":1,"50":1,"51":52,"52":52,"53":52,"54":1,"55":1,"56":1,"57":3,"58":3,"59":3,"60":3,"61":2,"62":1,"63":1,"64":1,"65":1,"66":1,"67":1,"68":1,"69":7,"70":7},"f":{"0":53,"1":5,"2":15,"3":2,"4":2,"5":2,"6":52,"7":3},"b":{"0":[1],"1":[10],"2":[1,1]}}
}
