TN:
SF:src\app.controller.ts
FN:6,(anonymous_2)
FN:9,(anonymous_3)
FNF:2
FNH:2
FNDA:53,(anonymous_2)
FNDA:1,(anonymous_3)
DA:1,7
DA:2,7
DA:5,7
DA:6,53
DA:9,7
DA:10,1
LF:6
LH:6
BRF:0
BRH:0
end_of_record
TN:
SF:src\app.service.ts
FN:5,(anonymous_1)
FNF:1
FNH:1
FNDA:1,(anonymous_1)
DA:1,7
DA:4,7
DA:6,1
LF:3
LH:3
BRF:0
BRH:0
end_of_record
TN:
SF:src\auth\auth.controller.ts
FN:30,(anonymous_4)
FN:37,(anonymous_5)
FN:54,(anonymous_6)
FN:64,(anonymous_7)
FN:71,(anonymous_8)
FN:84,(anonymous_9)
FN:106,(anonymous_10)
FN:114,(anonymous_11)
FNF:8
FNH:8
FNDA:53,(anonymous_4)
FNDA:5,(anonymous_5)
FNDA:1,(anonymous_6)
FNDA:1,(anonymous_7)
FNDA:1,(anonymous_8)
FNDA:1,(anonymous_9)
FNDA:3,(anonymous_10)
FNDA:6,(anonymous_11)
DA:1,7
DA:10,7
DA:11,7
DA:12,7
DA:13,7
DA:14,7
DA:15,7
DA:16,7
DA:17,7
DA:18,7
DA:19,7
DA:20,7
DA:29,7
DA:30,53
DA:31,53
DA:37,7
DA:38,5
DA:40,5
DA:44,4
DA:45,4
DA:46,4
DA:48,1
DA:54,7
DA:55,1
DA:56,1
DA:57,1
DA:58,1
DA:59,1
DA:64,7
DA:65,1
DA:66,1
DA:67,1
DA:71,7
DA:72,1
DA:73,1
DA:76,1
DA:77,1
DA:78,1
DA:79,1
DA:80,1
DA:84,7
DA:85,1
DA:86,1
DA:87,1
DA:88,1
DA:89,1
DA:90,1
DA:95,1
DA:96,1
DA:97,1
DA:101,1
DA:106,7
DA:107,3
DA:108,3
DA:109,3
DA:114,7
DA:115,6
DA:117,6
DA:119,6
DA:120,1
DA:121,1
DA:125,5
DA:127,5
DA:129,5
DA:130,5
LF:65
LH:65
BRDA:40,0,0,1
BRDA:40,0,1,3
BRDA:40,0,2,4
BRDA:40,0,3,1
BRDA:96,1,0,1
BRDA:119,2,0,1
BRF:6
BRH:6
end_of_record
TN:
SF:src\auth\auth.service.ts
FN:16,(anonymous_4)
FN:30,(anonymous_5)
FN:55,(anonymous_6)
FN:68,(anonymous_7)
FN:115,(anonymous_8)
FN:129,(anonymous_9)
FN:162,(anonymous_10)
FN:184,(anonymous_11)
FN:203,(anonymous_12)
FN:222,(anonymous_13)
FNF:10
FNH:10
FNDA:53,(anonymous_4)
FNDA:7,(anonymous_5)
FNDA:5,(anonymous_6)
FNDA:3,(anonymous_7)
FNDA:1,(anonymous_8)
FNDA:1,(anonymous_9)
FNDA:1,(anonymous_10)
FNDA:1,(anonymous_11)
FNDA:5,(anonymous_12)
FNDA:1,(anonymous_13)
DA:1,7
DA:2,7
DA:3,7
DA:4,7
DA:5,7
DA:6,7
DA:7,7
DA:8,7
DA:9,7
DA:10,7
DA:11,7
DA:14,7
DA:15,53
DA:17,53
DA:19,53
DA:20,53
DA:31,7
DA:32,7
DA:33,7
DA:34,1
DA:35,1
DA:38,6
DA:39,5
DA:40,5
DA:41,5
DA:42,5
DA:43,5
DA:45,1
DA:56,5
DA:57,5
DA:58,4
DA:59,4
DA:61,1
DA:63,1
DA:69,3
DA:78,3
DA:80,3
DA:81,2
DA:84,1
DA:94,1
DA:95,1
DA:97,1
DA:98,1
DA:103,2
DA:104,2
DA:116,1
DA:130,1
DA:163,1
DA:185,1
DA:186,1
DA:187,1
DA:194,1
DA:204,5
DA:210,5
DA:223,1
DA:224,1
DA:225,1
LF:57
LH:57
BRDA:33,0,0,1
BRDA:38,1,0,5
BRDA:38,2,0,6
BRDA:38,2,1,6
BRDA:57,3,0,4
BRDA:57,4,0,5
BRDA:57,4,1,5
BRDA:81,5,0,1
BRDA:81,5,1,1
BRF:9
BRH:9
end_of_record
TN:
SF:src\auth\guards\jwt-auth.guard.ts
FN:6,(anonymous_1)
FNF:1
FNH:1
FNDA:52,(anonymous_1)
DA:1,7
DA:2,7
DA:5,7
DA:7,52
DA:8,2
DA:10,50
LF:6
LH:6
BRDA:7,0,0,2
BRDA:7,1,0,52
BRDA:7,1,1,50
BRDA:8,2,0,2
BRDA:8,2,1,0
BRF:5
BRH:4
end_of_record
TN:
SF:src\auth\guards\local-auth.guard.ts
FN:6,(anonymous_2)
FNF:1
FNH:1
FNDA:53,(anonymous_2)
DA:1,7
DA:2,7
DA:5,7
DA:7,53
LF:4
LH:4
BRF:0
BRH:0
end_of_record
TN:
SF:src\auth\guards\user-role.guard.ts
FN:15,(anonymous_2)
FN:17,(anonymous_3)
FNF:2
FNH:2
FNDA:53,(anonymous_2)
FNDA:1,(anonymous_3)
DA:1,7
DA:2,7
DA:11,7
DA:14,7
DA:15,53
DA:18,1
DA:19,1
DA:20,1
DA:22,1
DA:23,1
DA:24,1
DA:26,1
DA:27,1
DA:29,1
DA:30,1
DA:31,1
DA:32,1
DA:35,0
LF:18
LH:17
BRDA:20,0,0,0
BRDA:27,1,0,0
BRDA:31,2,0,1
BRF:3
BRH:1
end_of_record
TN:
SF:src\auth\strategies\jwt.stragegy.ts
FN:11,(anonymous_2)
FN:19,(anonymous_3)
FNF:2
FNH:2
FNDA:53,(anonymous_2)
FNDA:52,(anonymous_3)
DA:1,7
DA:2,7
DA:3,7
DA:4,7
DA:5,7
DA:6,7
DA:9,7
DA:10,53
DA:11,53
DA:12,53
DA:20,52
DA:21,51
DA:25,50
DA:27,1
DA:28,1
LF:15
LH:15
BRDA:21,0,0,50
BRDA:21,0,1,50
BRDA:21,0,2,50
BRDA:21,0,3,1
BRF:4
BRH:4
end_of_record
TN:
SF:src\auth\strategies\local.strategy.ts
FN:10,(anonymous_2)
FN:14,(anonymous_3)
FNF:2
FNH:2
FNDA:53,(anonymous_2)
FNDA:7,(anonymous_3)
DA:1,7
DA:2,7
DA:3,7
DA:4,7
DA:7,7
DA:8,53
DA:10,53
DA:11,53
DA:15,7
DA:16,7
LF:10
LH:10
BRF:0
BRH:0
end_of_record
TN:
SF:src\common\constants\Constant.ts
FN:127,(anonymous_0)
FNF:1
FNH:1
FNDA:3,(anonymous_0)
DA:3,7
DA:4,7
DA:5,7
DA:6,7
DA:7,7
DA:8,7
DA:11,7
DA:12,7
DA:14,7
DA:21,7
DA:22,7
DA:23,7
DA:24,7
DA:26,7
DA:59,7
DA:70,7
DA:89,7
DA:108,7
DA:128,3
DA:129,3
DA:130,6
DA:132,3
LF:22
LH:22
BRF:0
BRH:0
end_of_record
TN:
SF:src\common\decorators\auth.decorator.ts
FN:7,Auth
FNF:1
FNH:1
FNDA:7,Auth
DA:1,7
DA:2,7
DA:3,7
DA:4,7
DA:7,7
DA:9,7
LF:6
LH:6
BRF:0
BRH:0
end_of_record
TN:
SF:src\common\decorators\role-protected.decorator.ts
FN:6,(anonymous_0)
FNF:1
FNH:1
FNDA:7,(anonymous_0)
DA:1,7
DA:3,7
DA:6,7
DA:9,7
LF:4
LH:4
BRF:0
BRH:0
end_of_record
TN:
SF:src\common\decorators\user.decorator.ts
FN:3,(anonymous_0)
FNF:1
FNH:1
FNDA:20,(anonymous_0)
DA:1,7
DA:3,7
DA:5,20
DA:7,20
DA:9,20
DA:12,7
LF:6
LH:6
BRDA:9,0,0,0
BRDA:9,0,1,20
BRDA:9,1,0,0
BRDA:9,1,1,0
BRF:4
BRH:1
end_of_record
TN:
SF:src\notificacion\notificacion.controller.ts
FN:13,(anonymous_4)
FN:18,(anonymous_5)
FN:28,(anonymous_6)
FNF:3
FNH:3
FNDA:53,(anonymous_4)
FNDA:2,(anonymous_5)
FNDA:2,(anonymous_6)
DA:1,7
DA:2,7
DA:3,7
DA:4,7
DA:5,7
DA:6,7
DA:7,7
DA:8,7
DA:12,7
DA:13,53
DA:14,53
DA:18,7
DA:22,2
DA:23,2
DA:28,7
DA:29,2
DA:31,2
LF:17
LH:17
BRF:0
BRH:0
end_of_record
TN:
SF:src\notificacion\notificacion.service.ts
FN:14,(anonymous_4)
FN:19,(anonymous_5)
FN:45,(anonymous_6)
FN:49,(anonymous_7)
FN:52,(anonymous_8)
FN:57,(anonymous_9)
FN:68,(anonymous_10)
FN:80,(anonymous_11)
FN:85,(anonymous_12)
FN:92,(anonymous_13)
FN:93,(anonymous_14)
FNF:11
FNH:11
FNDA:53,(anonymous_4)
FNDA:2,(anonymous_5)
FNDA:43,(anonymous_6)
FNDA:6,(anonymous_7)
FNDA:37,(anonymous_8)
FNDA:7,(anonymous_9)
FNDA:4,(anonymous_10)
FNDA:2,(anonymous_11)
FNDA:8,(anonymous_12)
FNDA:4,(anonymous_13)
FNDA:11,(anonymous_14)
DA:1,7
DA:2,7
DA:3,7
DA:4,7
DA:5,7
DA:6,7
DA:8,7
DA:9,7
DA:12,7
DA:13,53
DA:16,53
DA:20,2
DA:21,2
DA:23,2
DA:30,2
DA:31,2
DA:37,1
DA:38,1
DA:41,1
DA:42,1
DA:46,43
DA:47,43
DA:50,6
DA:53,37
DA:58,7
DA:69,4
DA:81,2
DA:82,2
DA:83,2
DA:85,2
DA:86,8
DA:88,2
DA:90,1
DA:92,1
DA:93,4
DA:94,11
DA:95,11
DA:99,1
DA:100,1
DA:105,1
DA:106,1
LF:41
LH:41
BRDA:30,0,0,2
BRF:1
BRH:1
end_of_record
TN:
SF:src\task\task.controller.ts
FN:16,(anonymous_4)
FN:21,(anonymous_5)
FN:28,(anonymous_6)
FN:42,(anonymous_7)
FN:56,(anonymous_8)
FN:70,(anonymous_9)
FN:77,(anonymous_10)
FN:84,(anonymous_11)
FN:91,(anonymous_12)
FNF:9
FNH:9
FNDA:53,(anonymous_4)
FNDA:3,(anonymous_5)
FNDA:2,(anonymous_6)
FNDA:2,(anonymous_7)
FNDA:2,(anonymous_8)
FNDA:2,(anonymous_9)
FNDA:2,(anonymous_10)
FNDA:3,(anonymous_11)
FNDA:3,(anonymous_12)
DA:1,7
DA:2,7
DA:3,7
DA:4,7
DA:5,7
DA:6,7
DA:7,7
DA:8,7
DA:9,7
DA:10,7
DA:11,7
DA:15,7
DA:16,53
DA:17,53
DA:21,7
DA:22,3
DA:28,7
DA:29,2
DA:30,2
DA:31,2
DA:32,1
DA:33,1
DA:35,1
DA:36,1
DA:42,7
DA:43,2
DA:44,2
DA:45,2
DA:46,1
DA:47,1
DA:49,1
DA:50,1
DA:56,7
DA:57,2
DA:58,2
DA:59,2
DA:60,1
DA:61,1
DA:63,1
DA:64,1
DA:70,7
DA:71,2
DA:77,7
DA:78,2
DA:84,7
DA:85,3
DA:91,7
DA:92,3
LF:48
LH:48
BRDA:31,0,0,1
BRDA:45,1,0,1
BRDA:59,2,0,1
BRF:3
BRH:3
end_of_record
TN:
SF:src\task\task.service.ts
FN:19,(anonymous_4)
FN:40,(anonymous_5)
FN:62,(anonymous_6)
FN:98,(anonymous_7)
FN:131,(anonymous_8)
FN:167,(anonymous_9)
FN:190,(anonymous_10)
FN:212,(anonymous_11)
FN:242,(anonymous_12)
FN:251,(anonymous_13)
FN:271,(anonymous_14)
FN:278,(anonymous_15)
FN:285,(anonymous_16)
FN:293,(anonymous_17)
FNF:14
FNH:14
FNDA:53,(anonymous_4)
FNDA:3,(anonymous_5)
FNDA:4,(anonymous_6)
FNDA:1,(anonymous_7)
FNDA:1,(anonymous_8)
FNDA:1,(anonymous_9)
FNDA:3,(anonymous_10)
FNDA:10,(anonymous_11)
FNDA:3,(anonymous_12)
FNDA:10,(anonymous_13)
FNDA:2,(anonymous_14)
FNDA:8,(anonymous_15)
FNDA:2,(anonymous_16)
FNDA:4,(anonymous_17)
DA:1,7
DA:2,7
DA:3,7
DA:4,7
DA:6,7
DA:7,7
DA:8,7
DA:9,7
DA:10,7
DA:14,7
DA:17,7
DA:18,53
DA:21,53
DA:23,53
DA:25,53
DA:42,3
DA:43,3
DA:44,3
DA:51,3
DA:53,1
DA:54,1
DA:59,2
DA:61,2
DA:62,2
DA:63,4
DA:65,2
DA:67,1
DA:71,1
DA:77,1
DA:78,1
DA:99,1
DA:132,1
DA:168,1
DA:191,3
DA:193,3
DA:194,3
DA:206,2
DA:207,1
DA:208,1
DA:209,1
DA:212,1
DA:213,10
DA:219,1
DA:224,1
DA:225,1
DA:228,1
DA:229,1
DA:243,3
DA:245,3
DA:246,3
DA:247,3
DA:248,2
DA:249,1
DA:251,1
DA:252,10
DA:258,1
DA:260,1
DA:261,1
DA:264,1
DA:265,1
DA:273,2
DA:274,2
DA:275,2
DA:278,2
DA:279,8
DA:282,2
DA:287,2
DA:289,1
DA:291,1
DA:293,1
DA:294,4
DA:298,1
LF:72
LH:72
BRDA:206,0,0,1
BRDA:206,0,1,1
BRDA:248,1,0,1
BRDA:248,1,1,1
BRDA:289,2,0,1
BRF:5
BRH:5
end_of_record
TN:
SF:src\task_to_user\task_to_user.service.ts
FN:11,(anonymous_4)
FN:24,(anonymous_5)
FN:54,(anonymous_6)
FN:63,(anonymous_7)
FNF:4
FNH:4
FNDA:53,(anonymous_4)
FNDA:2,(anonymous_5)
FNDA:3,(anonymous_6)
FNDA:2,(anonymous_7)
DA:1,7
DA:2,7
DA:3,7
DA:4,7
DA:6,7
DA:9,7
DA:10,53
DA:13,53
DA:25,2
DA:26,2
DA:28,1
DA:34,1
DA:39,1
DA:42,1
DA:55,3
DA:64,2
DA:65,2
DA:67,1
DA:73,1
DA:78,1
DA:81,1
LF:21
LH:21
BRF:0
BRH:0
end_of_record
TN:
SF:src\type\type.controller.ts
FN:10,(anonymous_2)
FN:14,(anonymous_3)
FNF:2
FNH:2
FNDA:53,(anonymous_2)
FNDA:2,(anonymous_3)
DA:1,7
DA:2,7
DA:3,7
DA:4,7
DA:8,7
DA:9,53
DA:10,53
DA:14,7
DA:15,2
DA:16,2
LF:10
LH:10
BRF:0
BRH:0
end_of_record
TN:
SF:src\type\type.service.ts
FN:9,(anonymous_4)
FN:14,(anonymous_5)
FNF:2
FNH:2
FNDA:53,(anonymous_4)
FNDA:2,(anonymous_5)
DA:1,7
DA:2,7
DA:3,7
DA:4,7
DA:7,7
DA:8,53
DA:11,53
DA:15,2
DA:16,2
DA:17,2
DA:18,1
DA:22,1
LF:12
LH:12
BRDA:17,0,0,1
BRF:1
BRH:1
end_of_record
TN:
SF:src\user\user.controller.ts
FN:16,(anonymous_4)
FN:21,(anonymous_5)
FN:28,(anonymous_6)
FN:41,(anonymous_7)
FN:49,(anonymous_8)
FN:56,(anonymous_9)
FNF:6
FNH:6
FNDA:53,(anonymous_4)
FNDA:5,(anonymous_5)
FNDA:2,(anonymous_6)
FNDA:1,(anonymous_7)
FNDA:2,(anonymous_8)
FNDA:2,(anonymous_9)
DA:1,7
DA:2,7
DA:3,7
DA:4,7
DA:5,7
DA:6,7
DA:7,7
DA:8,7
DA:9,7
DA:10,7
DA:11,7
DA:15,7
DA:16,53
DA:17,53
DA:21,7
DA:22,5
DA:23,5
DA:28,7
DA:29,2
DA:30,2
DA:31,2
DA:32,1
DA:33,1
DA:35,1
DA:36,1
DA:41,7
DA:42,1
DA:43,1
DA:44,1
DA:49,7
DA:50,2
DA:51,2
DA:56,7
DA:57,2
DA:58,2
LF:35
LH:35
BRDA:31,0,0,1
BRF:1
BRH:1
end_of_record
TN:
SF:src\user\user.service.ts
FN:15,(anonymous_4)
FN:20,(anonymous_5)
FN:75,(anonymous_6)
FN:99,(anonymous_7)
FN:103,(anonymous_8)
FN:129,(anonymous_9)
FN:147,(anonymous_10)
FN:162,(anonymous_11)
FNF:8
FNH:8
FNDA:53,(anonymous_4)
FNDA:5,(anonymous_5)
FNDA:15,(anonymous_6)
FNDA:2,(anonymous_7)
FNDA:2,(anonymous_8)
FNDA:2,(anonymous_9)
FNDA:52,(anonymous_10)
FNDA:3,(anonymous_11)
DA:1,7
DA:2,7
DA:3,7
DA:4,7
DA:5,7
DA:9,7
DA:10,7
DA:13,7
DA:14,53
DA:17,53
DA:21,5
DA:22,4
DA:23,1
DA:26,3
DA:28,3
DA:29,3
DA:33,3
DA:34,3
DA:35,3
DA:37,1
DA:40,1
DA:43,2
DA:44,2
DA:54,1
DA:58,1
DA:61,1
DA:66,1
DA:67,1
DA:68,1
DA:77,15
DA:78,15
DA:85,14
DA:86,10
DA:87,10
DA:93,1
DA:94,1
DA:96,4
DA:100,2
DA:104,2
DA:105,2
DA:112,2
DA:114,1
DA:117,1
DA:122,1
DA:123,1
DA:130,2
DA:131,2
DA:133,1
DA:134,1
DA:139,1
DA:140,1
DA:148,52
DA:149,52
DA:150,52
DA:154,1
DA:155,1
DA:156,1
DA:163,3
DA:165,3
DA:171,3
DA:173,3
DA:184,2
DA:185,1
DA:186,1
DA:189,1
DA:190,1
DA:193,1
DA:194,1
DA:195,1
LF:69
LH:69
BRDA:22,0,0,1
BRDA:85,1,0,10
BRDA:184,2,0,1
BRDA:184,2,1,1
BRF:4
BRH:4
end_of_record
